This is pdfTeX, Version 3.141592653-2.6-1.40.22 (TeX Live 2022/dev/Debian) (preloaded format=pdflatex 2022.8.31)  2 DEC 2022 11:50
entering extended mode
 restricted \write18 enabled.
 %&-line parsing enabled.
**refman
(./refman.tex
LaTeX2e <2021-11-15> patch level 1
L3 programming layer <2022-01-21>
(/usr/share/texlive/texmf-dist/tex/latex/base/article.cls
Document Class: article 2021/10/04 v1.4n Standard LaTeX document class
(/usr/share/texlive/texmf-dist/tex/latex/base/size10.clo
File: size10.clo 2021/10/04 v1.4n Standard LaTeX file (size option)
)
\c@part=\count185
\c@section=\count186
\c@subsection=\count187
\c@subsubsection=\count188
\c@paragraph=\count189
\c@subparagraph=\count190
\c@figure=\count191
\c@table=\count192
\abovecaptionskip=\skip47
\belowcaptionskip=\skip48
\bibindent=\dimen138
)
(/usr/share/texlive/texmf-dist/tex/latex/base/ifthen.sty
Package: ifthen 2020/11/24 v1.1c Standard LaTeX ifthen package (DPC)
)
(/usr/share/texlive/texmf-dist/tex/latex/tools/array.sty
Rollback for package 'array' requested -> date 2016-10-06.
         Best approximation is the release introduced on 2016-10-06.

(/usr/share/texlive/texmf-dist/tex/latex/tools/array-2016-10-06.sty
Package: array 2016/10/06 v2.4d Tabular extension package (FMi)
\col@sep=\dimen139
\extrarowheight=\dimen140
\NC@list=\toks16
\extratabsurround=\skip49
\backup@length=\skip50
))
(/usr/share/texlive/texmf-dist/tex/latex/base/fixltx2e.sty
Package: fixltx2e 2016/12/29 v2.1a fixes to LaTeX (obsolete)
Applying: [2015/01/01] Old fixltx2e package on input line 46.


Package fixltx2e Warning: fixltx2e is not required with releases after 2015
(fixltx2e)                All fixes are now in the LaTeX kernel.
(fixltx2e)                See the latexrelease package for details.

Already applied: [0000/00/00] Old fixltx2e package on input line 53.
) (./doxygen.sty
Package: doxygen 
 (/usr/share/texlive/texmf-dist/tex/latex/base/alltt.sty
Package: alltt 2021/01/29 v2.0g defines alltt environment
)
(/usr/share/texlive/texmf-dist/tex/latex/tools/calc.sty
Package: calc 2017/05/25 v4.3 Infix arithmetic (KKT,FJ)
\calc@Acount=\count193
\calc@Bcount=\count194
\calc@Adimen=\dimen141
\calc@Bdimen=\dimen142
\calc@Askip=\skip51
\calc@Bskip=\skip52
LaTeX Info: Redefining \setlength on input line 80.
LaTeX Info: Redefining \addtolength on input line 81.
\calc@Ccount=\count195
\calc@Cskip=\skip53
)
(/usr/share/texlive/texmf-dist/tex/latex/float/float.sty
Package: float 2001/11/08 v1.3d Float enhancements (AL)
\c@float@type=\count196
\float@exts=\toks17
\float@box=\box50
\@float@everytoks=\toks18
\@floatcapt=\box51
)
(/usr/share/texlive/texmf-dist/tex/latex/tools/verbatim.sty
Package: verbatim 2020-07-07 v1.5u LaTeX2e package for verbatim enhancements
\every@verbatim=\toks19
\verbatim@line=\toks20
\verbatim@in@stream=\read2
)
(/usr/share/texlive/texmf-dist/tex/latex/xcolor/xcolor.sty
Package: xcolor 2021/10/31 v2.13 LaTeX color extensions (UK)

(/usr/share/texlive/texmf-dist/tex/latex/graphics-cfg/color.cfg
File: color.cfg 2016/01/02 v1.6 sample color configuration
)
Package xcolor Info: Driver file: pdftex.def on input line 227.

(/usr/share/texlive/texmf-dist/tex/latex/graphics-def/pdftex.def
File: pdftex.def 2020/10/05 v1.2a Graphics/color driver for pdftex
)
(/usr/share/texlive/texmf-dist/tex/latex/colortbl/colortbl.sty
Package: colortbl 2020/01/04 v1.0e Color table columns (DPC)
\everycr=\toks21
\minrowclearance=\skip54
)
\rownum=\count197
Package xcolor Info: Model `cmy' substituted by `cmy0' on input line 1352.
Package xcolor Info: Model `hsb' substituted by `rgb' on input line 1356.
Package xcolor Info: Model `RGB' extended on input line 1368.
Package xcolor Info: Model `HTML' substituted by `rgb' on input line 1370.
Package xcolor Info: Model `Hsb' substituted by `hsb' on input line 1371.
Package xcolor Info: Model `tHsb' substituted by `hsb' on input line 1372.
Package xcolor Info: Model `HSB' substituted by `hsb' on input line 1373.
Package xcolor Info: Model `Gray' substituted by `gray' on input line 1374.
Package xcolor Info: Model `wave' substituted by `hsb' on input line 1375.
)
(./longtable_doxygen.sty
Package: longtable_doxygen 2014/10/28 v4.11 Multi-page Table package (DPC) - fr
ozen version for doxygen
\LTleft=\skip55
\LTright=\skip56
\LTpre=\skip57
\LTpost=\skip58
\LTchunksize=\count198
\LTcapwidth=\dimen143
\LT@head=\box52
\LT@firsthead=\box53
\LT@foot=\box54
\LT@lastfoot=\box55
\LT@cols=\count199
\LT@rows=\count266
\c@LT@tables=\count267
\c@LT@chunks=\count268
\LT@p@ftn=\toks22
) (./tabu_doxygen.sty
Package: tabu_doxygen 2011/02/26 v2.8 - flexible LaTeX tabulars (FC), frozen ve
rsion for doxygen

(/usr/share/texlive/texmf-dist/tex/latex/varwidth/varwidth.sty
Package: varwidth 2009/03/30 ver 0.92;  Variable-width minipages
\@vwid@box=\box56
\sift@deathcycles=\count269
\@vwid@loff=\dimen144
\@vwid@roff=\dimen145
)
\c@taburow=\count270
\tabu@nbcols=\count271
\tabu@cnt=\count272
\tabu@Xcol=\count273
\tabu@alloc=\count274
\tabu@nested=\count275
\tabu@target=\dimen146
\tabu@spreadtarget=\dimen147
\tabu@naturalX=\dimen148
\tabucolX=\dimen149
\tabu@Xsum=\dimen150
\extrarowdepth=\dimen151
\abovetabulinesep=\dimen152
\belowtabulinesep=\dimen153
\tabustrutrule=\dimen154
\tabu@thebody=\toks23
\tabu@footnotes=\toks24
\tabu@box=\box57
\tabu@arstrutbox=\box58
\tabu@hleads=\box59
\tabu@vleads=\box60
\tabu@cellskip=\skip59
)
(/usr/share/texlive/texmf-dist/tex/latex/fancyvrb/fancyvrb.sty
Package: fancyvrb 2021/12/21 4.1b verbatim text (tvz,hv)

(/usr/share/texlive/texmf-dist/tex/latex/graphics/keyval.sty
Package: keyval 2014/10/28 v1.15 key=value parser (DPC)
\KV@toks@=\toks25
)
\FV@CodeLineNo=\count276
\FV@InFile=\read3
\FV@TabBox=\box61
\c@FancyVerbLine=\count277
\FV@StepNumber=\count278
\FV@OutFile=\write3
)
(/usr/share/texlive/texmf-dist/tex/latex/tools/tabularx.sty
Package: tabularx 2020/01/15 v2.11c `tabularx' package (DPC)
\TX@col@width=\dimen155
\TX@old@table=\dimen156
\TX@old@col=\dimen157
\TX@target=\dimen158
\TX@delta=\dimen159
\TX@cols=\count279
\TX@ftn=\toks26
)
(/usr/share/texlive/texmf-dist/tex/latex/tools/multicol.sty
Package: multicol 2021/10/28 v1.9b multicolumn formatting (FMi)
\c@tracingmulticols=\count280
\mult@box=\box62
\multicol@leftmargin=\dimen160
\c@unbalance=\count281
\c@collectmore=\count282
\doublecol@number=\count283
\multicoltolerance=\count284
\multicolpretolerance=\count285
\full@width=\dimen161
\page@free=\dimen162
\premulticols=\dimen163
\postmulticols=\dimen164
\multicolsep=\skip60
\multicolbaselineskip=\skip61
\partial@page=\box63
\last@line=\box64
\maxbalancingoverflow=\dimen165
\mult@rightbox=\box65
\mult@grightbox=\box66
\mult@firstbox=\box67
\mult@gfirstbox=\box68
\@tempa=\box69
\@tempa=\box70
\@tempa=\box71
\@tempa=\box72
\@tempa=\box73
\@tempa=\box74
\@tempa=\box75
\@tempa=\box76
\@tempa=\box77
\@tempa=\box78
\@tempa=\box79
\@tempa=\box80
\@tempa=\box81
\@tempa=\box82
\@tempa=\box83
\@tempa=\box84
\@tempa=\box85
\@tempa=\box86
\@tempa=\box87
\@tempa=\box88
\@tempa=\box89
\@tempa=\box90
\@tempa=\box91
\@tempa=\box92
\@tempa=\box93
\@tempa=\box94
\@tempa=\box95
\@tempa=\box96
\@tempa=\box97
\@tempa=\box98
\@tempa=\box99
\@tempa=\box100
\@tempa=\box101
\@tempa=\box102
\@tempa=\box103
\@tempa=\box104
\c@minrows=\count286
\c@columnbadness=\count287
\c@finalcolumnbadness=\count288
\last@try=\dimen166
\multicolovershoot=\dimen167
\multicolundershoot=\dimen168
\mult@nat@firstbox=\box105
\colbreak@box=\box106
\mc@col@check@num=\count289
)
(/usr/share/texlive/texmf-dist/tex/latex/multirow/multirow.sty
Package: multirow 2021/03/15 v2.8 Span multiple rows of a table
\multirow@colwidth=\skip62
\multirow@cntb=\count290
\multirow@dima=\skip63
\bigstrutjot=\dimen169
)
(/usr/share/texlive/texmf-dist/tex/latex/hanging/hanging.sty
Package: hanging 2009/09/02 v1.2b hanging paragraphs and punctuation
\h@ngcommawd=\skip64
\h@ngfstopwd=\skip65
\h@ngquotewd=\skip66
\h@ngdquotewd=\skip67
\h@ngquerywd=\skip68
\h@ngexclwd=\skip69
\h@ngcolonwd=\skip70
\h@ngscolonwd=\skip71
)
(/usr/share/texlive/texmf-dist/tex/generic/iftex/ifpdf.sty
Package: ifpdf 2019/10/25 v3.4 ifpdf legacy package. Use iftex instead.

(/usr/share/texlive/texmf-dist/tex/generic/iftex/iftex.sty
Package: iftex 2020/03/06 v1.0d TeX engine tests
))
(/usr/share/texlive/texmf-dist/tex/latex/adjustbox/adjustbox.sty
Package: adjustbox 2020/08/19 v1.3 Adjusting TeX boxes (trim, clip, ...)

(/usr/share/texlive/texmf-dist/tex/latex/xkeyval/xkeyval.sty
Package: xkeyval 2020/11/20 v2.8 package option processing (HA)

(/usr/share/texlive/texmf-dist/tex/generic/xkeyval/xkeyval.tex
(/usr/share/texlive/texmf-dist/tex/generic/xkeyval/xkvutils.tex
\XKV@toks=\toks27
\XKV@tempa@toks=\toks28
)
\XKV@depth=\count291
File: xkeyval.tex 2014/12/03 v2.7a key=value parser (HA)
))
(/usr/share/texlive/texmf-dist/tex/latex/adjustbox/adjcalc.sty
Package: adjcalc 2012/05/16 v1.1 Provides advanced setlength with multiple back
-ends (calc, etex, pgfmath)
)
(/usr/share/texlive/texmf-dist/tex/latex/adjustbox/trimclip.sty
Package: trimclip 2020/08/19 v1.2 Trim and clip general TeX material

(/usr/share/texlive/texmf-dist/tex/latex/graphics/graphicx.sty
Package: graphicx 2021/09/16 v1.2d Enhanced LaTeX Graphics (DPC,SPQR)

(/usr/share/texlive/texmf-dist/tex/latex/graphics/graphics.sty
Package: graphics 2021/03/04 v1.4d Standard LaTeX Graphics (DPC,SPQR)

(/usr/share/texlive/texmf-dist/tex/latex/graphics/trig.sty
Package: trig 2021/08/11 v1.11 sin cos tan (DPC)
)
(/usr/share/texlive/texmf-dist/tex/latex/graphics-cfg/graphics.cfg
File: graphics.cfg 2016/06/04 v1.11 sample graphics configuration
)
Package graphics Info: Driver file: pdftex.def on input line 107.
)
\Gin@req@height=\dimen170
\Gin@req@width=\dimen171
)
(/usr/share/texlive/texmf-dist/tex/latex/collectbox/collectbox.sty
Package: collectbox 2012/05/17 v0.4b Collect macro arguments as boxes
\collectedbox=\box107
)
\tc@llx=\dimen172
\tc@lly=\dimen173
\tc@urx=\dimen174
\tc@ury=\dimen175
Package trimclip Info: Using driver 'tc-pdftex.def'.

(/usr/share/texlive/texmf-dist/tex/latex/adjustbox/tc-pdftex.def
File: tc-pdftex.def 2019/01/04 v2.2 Clipping driver for pdftex
))
\adjbox@Width=\dimen176
\adjbox@Height=\dimen177
\adjbox@Depth=\dimen178
\adjbox@Totalheight=\dimen179
\adjbox@pwidth=\dimen180
\adjbox@pheight=\dimen181
\adjbox@pdepth=\dimen182
\adjbox@ptotalheight=\dimen183

(/usr/share/texlive/texmf-dist/tex/latex/ifoddpage/ifoddpage.sty
Package: ifoddpage 2016/04/23 v1.1 Conditionals for odd/even page detection
\c@checkoddpage=\count292
))
(/usr/share/texlive/texmf-dist/tex/latex/amsfonts/amssymb.sty
Package: amssymb 2013/01/14 v3.01 AMS font symbols

(/usr/share/texlive/texmf-dist/tex/latex/amsfonts/amsfonts.sty
Package: amsfonts 2013/01/14 v3.01 Basic AMSFonts support
\@emptytoks=\toks29
\symAMSa=\mathgroup4
\symAMSb=\mathgroup5
LaTeX Font Info:    Redeclaring math symbol \hbar on input line 98.
LaTeX Font Info:    Overwriting math alphabet `\mathfrak' in version `bold'
(Font)                  U/euf/m/n --> U/euf/b/n on input line 106.
))
(/usr/share/texlive/texmf-dist/tex/latex/stackengine/stackengine.sty
Package: stackengine 2021/07/22 v4.11\ Stacking text and objects in convenient 
ways

(/usr/share/texlive/texmf-dist/tex/latex/etoolbox/etoolbox.sty
Package: etoolbox 2020/10/05 v2.5k e-TeX tools for LaTeX (JAW)
\etb@tempcnta=\count293
)
(/usr/share/texlive/texmf-dist/tex/generic/listofitems/listofitems.sty
(/usr/share/texlive/texmf-dist/tex/generic/listofitems/listofitems.tex
\loi_cnt_foreach_nest=\count294
\loi_nestcnt=\count295
)
Package: listofitems 2019/08/21 v1.63 Grab items in lists using user-specified 
sep char (CT)
)
\c@@stackindex=\count296
\@boxshift=\skip72
\stack@tmplength=\skip73
\temp@stkl=\skip74
\@stackedboxwidth=\skip75
\@addedbox=\box108
\@anchorbox=\box109
\@insetbox=\box110
\se@backgroundbox=\box111
\stackedbox=\box112
\@centerbox=\box113
\c@ROWcellindex@=\count297
)
(/usr/share/texlive/texmf-dist/tex/latex/enumitem/enumitem.sty
Package: enumitem 2019/06/20 v3.9 Customized lists
\labelindent=\skip76
\enit@outerparindent=\dimen184
\enit@toks=\toks30
\enit@inbox=\box114
\enit@count@id=\count298
\enitdp@description=\count299
)
(/usr/share/texlive/texmf-dist/tex/generic/alphalph/alphalph.sty
Package: alphalph 2019/12/09 v2.6 Convert numbers to letters (HO)

(/usr/share/texlive/texmf-dist/tex/generic/infwarerr/infwarerr.sty
Package: infwarerr 2019/12/03 v1.5 Providing info/warning/error messages (HO)
)
(/usr/share/texlive/texmf-dist/tex/generic/intcalc/intcalc.sty
Package: intcalc 2019/12/15 v1.3 Expandable calculations with integers (HO)
))
(/usr/share/texlive/texmf-dist/tex/generic/ulem/ulem.sty
\UL@box=\box115
\UL@hyphenbox=\box116
\UL@skip=\skip77
\UL@hook=\toks31
\UL@height=\dimen185
\UL@pe=\count300
\UL@pixel=\dimen186
\ULC@box=\box117
Package: ulem 2019/11/18
\ULdepth=\dimen187
)
\xrefbox=\box118
\xreflength=\skip78
\CodeWidthChar=\skip79
\CodeHeightChar=\skip80
\DoxyCodeWidth=\skip81
\c@DoxyEnumeratei=\count301
\c@DoxyEnumerateii=\count302
\c@DoxyEnumerateiii=\count303
\c@DoxyEnumerateiv=\count304
\c@DoxyEnumeratev=\count305
\c@DoxyEnumeratevi=\count306
\c@DoxyEnumeratevii=\count307
\c@DoxyEnumerateviii=\count308
\c@DoxyEnumerateix=\count309
\c@DoxyEnumeratex=\count310
\c@DoxyEnumeratexi=\count311
\c@DoxyEnumeratexii=\count312
\enitdp@DoxyEnumerate=\count313
\enitdp@DoxyItemize=\count314
)
(/usr/share/texlive/texmf-dist/tex/latex/base/inputenc.sty
Package: inputenc 2021/02/14 v1.3d Input encoding file
\inpenc@prehook=\toks32
\inpenc@posthook=\toks33
)
(/usr/share/texlive/texmf-dist/tex/latex/base/makeidx.sty
Package: makeidx 2021/10/04 v1.0m Standard LaTeX package
)
(/usr/share/texlive/texmf-dist/tex/latex/base/textcomp.sty
Package: textcomp 2020/02/02 v2.0n Standard LaTeX package
)
(/usr/share/texlive/texmf-dist/tex/latex/wasysym/wasysym.sty
Package: wasysym 2020/01/19 v2.4 Wasy-2 symbol support package
\symwasy=\mathgroup6
LaTeX Font Info:    Overwriting symbol font `wasy' in version `bold'
(Font)                  U/wasy/m/n --> U/wasy/b/n on input line 93.
)
(/usr/share/texlive/texmf-dist/tex/generic/iftex/ifxetex.sty
Package: ifxetex 2019/10/25 v0.7 ifxetex legacy package. Use iftex instead.
)
(/usr/share/texlive/texmf-dist/tex/latex/base/fontenc.sty
Package: fontenc 2021/04/29 v2.0v Standard LaTeX package
)
(/usr/share/texlive/texmf-dist/tex/latex/psnfss/helvet.sty
Package: helvet 2020/03/25 PSNFSS-v9.3 (WaS) 
)
(/usr/share/texlive/texmf-dist/tex/latex/psnfss/courier.sty
Package: courier 2020/03/25 PSNFSS-v9.3 (WaS) 
)
(/usr/share/texlive/texmf-dist/tex/latex/sectsty/sectsty.sty
Package: sectsty 2002/02/25 v2.0.2 Commands to change all sectional heading sty
les


LaTeX Warning: Command \underbar  has changed.
               Check if current package is valid.


LaTeX Warning: Command \underline  has changed.
               Check if current package is valid.

) (/usr/share/texlive/texmf-dist/tex/latex/geometry/geometry.sty
Package: geometry 2020/01/02 v5.9 Page Geometry

(/usr/share/texlive/texmf-dist/tex/generic/iftex/ifvtex.sty
Package: ifvtex 2019/10/25 v1.7 ifvtex legacy package. Use iftex instead.
)
\Gm@cnth=\count315
\Gm@cntv=\count316
\c@Gm@tempcnt=\count317
\Gm@bindingoffset=\dimen188
\Gm@wd@mp=\dimen189
\Gm@odd@mp=\dimen190
\Gm@even@mp=\dimen191
\Gm@layoutwidth=\dimen192
\Gm@layoutheight=\dimen193
\Gm@layouthoffset=\dimen194
\Gm@layoutvoffset=\dimen195
\Gm@dimlist=\toks34
)
(/usr/share/texlive/texmf-dist/tex/latex/fancyhdr/fancyhdr.sty
Package: fancyhdr 2021/01/28 v4.0.1 Extensive control of page headers and foote
rs
\f@nch@headwidth=\skip82
\f@nch@O@elh=\skip83
\f@nch@O@erh=\skip84
\f@nch@O@olh=\skip85
\f@nch@O@orh=\skip86
\f@nch@O@elf=\skip87
\f@nch@O@erf=\skip88
\f@nch@O@olf=\skip89
\f@nch@O@orf=\skip90
)
(/usr/share/texlive/texmf-dist/tex/latex/natbib/natbib.sty
Package: natbib 2010/09/13 8.31b (PWD, AO)
\bibhang=\skip91
\bibsep=\skip92
LaTeX Info: Redefining \cite on input line 694.
\c@NAT@ctr=\count318
)
(/usr/share/texlive/texmf-dist/tex/latex/tocloft/tocloft.sty
Package: tocloft 2017/08/31 v2.3i parameterised ToC, etc., typesetting
Package tocloft Info: The document has section divisions on input line 51.
\cftparskip=\skip93
\cftbeforetoctitleskip=\skip94
\cftaftertoctitleskip=\skip95
\cftbeforepartskip=\skip96
\cftpartnumwidth=\skip97
\cftpartindent=\skip98
\cftbeforesecskip=\skip99
\cftsecindent=\skip100
\cftsecnumwidth=\skip101
\cftbeforesubsecskip=\skip102
\cftsubsecindent=\skip103
\cftsubsecnumwidth=\skip104
\cftbeforesubsubsecskip=\skip105
\cftsubsubsecindent=\skip106
\cftsubsubsecnumwidth=\skip107
\cftbeforeparaskip=\skip108
\cftparaindent=\skip109
\cftparanumwidth=\skip110
\cftbeforesubparaskip=\skip111
\cftsubparaindent=\skip112
\cftsubparanumwidth=\skip113
\cftbeforeloftitleskip=\skip114
\cftafterloftitleskip=\skip115
\cftbeforefigskip=\skip116
\cftfigindent=\skip117
\cftfignumwidth=\skip118
\c@lofdepth=\count319
\c@lotdepth=\count320
\cftbeforelottitleskip=\skip119
\cftafterlottitleskip=\skip120
\cftbeforetabskip=\skip121
\cfttabindent=\skip122
\cfttabnumwidth=\skip123
)
\@indexfile=\write4
\openout4 = `refman.idx'.


Writing index file refman.idx
(/usr/share/texlive/texmf-dist/tex/latex/newunicodechar/newunicodechar.sty
Package: newunicodechar 2018/04/08 v1.2 Defining Unicode characters
)

Package newunicodechar Warning: Redefining Unicode character on input line 113.



Package newunicodechar Warning: Redefining Unicode character on input line 114.


(/usr/share/texlive/texmf-dist/tex/latex/hyperref/hyperref.sty
Package: hyperref 2021-06-07 v7.00m Hypertext links for LaTeX

(/usr/share/texlive/texmf-dist/tex/generic/ltxcmds/ltxcmds.sty
Package: ltxcmds 2020-05-10 v1.25 LaTeX kernel commands for general use (HO)
)
(/usr/share/texlive/texmf-dist/tex/generic/pdftexcmds/pdftexcmds.sty
Package: pdftexcmds 2020-06-27 v0.33 Utility functions of pdfTeX for LuaTeX (HO
)
Package pdftexcmds Info: \pdf@primitive is available.
Package pdftexcmds Info: \pdf@ifprimitive is available.
Package pdftexcmds Info: \pdfdraftmode found.
)
(/usr/share/texlive/texmf-dist/tex/generic/kvsetkeys/kvsetkeys.sty
Package: kvsetkeys 2019/12/15 v1.18 Key value parser (HO)
)
(/usr/share/texlive/texmf-dist/tex/generic/kvdefinekeys/kvdefinekeys.sty
Package: kvdefinekeys 2019-12-19 v1.6 Define keys (HO)
)
(/usr/share/texlive/texmf-dist/tex/generic/pdfescape/pdfescape.sty
Package: pdfescape 2019/12/09 v1.15 Implements pdfTeX's escape features (HO)
)
(/usr/share/texlive/texmf-dist/tex/latex/hycolor/hycolor.sty
Package: hycolor 2020-01-27 v1.10 Color options for hyperref/bookmark (HO)
)
(/usr/share/texlive/texmf-dist/tex/latex/letltxmacro/letltxmacro.sty
Package: letltxmacro 2019/12/03 v1.6 Let assignment for LaTeX macros (HO)
)
(/usr/share/texlive/texmf-dist/tex/latex/auxhook/auxhook.sty
Package: auxhook 2019-12-17 v1.6 Hooks for auxiliary files (HO)
)
(/usr/share/texlive/texmf-dist/tex/latex/kvoptions/kvoptions.sty
Package: kvoptions 2020-10-07 v3.14 Key value format for package options (HO)
)
\@linkdim=\dimen196
\Hy@linkcounter=\count321
\Hy@pagecounter=\count322

(/usr/share/texlive/texmf-dist/tex/latex/hyperref/pd1enc.def
File: pd1enc.def 2021-06-07 v7.00m Hyperref: PDFDocEncoding definition (HO)
Now handling font encoding PD1 ...
... no UTF-8 mapping file for font encoding PD1
)
(/usr/share/texlive/texmf-dist/tex/latex/hyperref/hyperref-langpatches.def
File: hyperref-langpatches.def 2021-06-07 v7.00m Hyperref: patches for babel la
nguages
)
(/usr/share/texlive/texmf-dist/tex/generic/etexcmds/etexcmds.sty
Package: etexcmds 2019/12/15 v1.7 Avoid name clashes with e-TeX commands (HO)
)
\Hy@SavedSpaceFactor=\count323

(/usr/share/texlive/texmf-dist/tex/latex/hyperref/puenc.def
File: puenc.def 2021-06-07 v7.00m Hyperref: PDF Unicode definition (HO)
Now handling font encoding PU ...
... no UTF-8 mapping file for font encoding PU
)
Package hyperref Info: Hyper figures OFF on input line 4192.
Package hyperref Info: Link nesting OFF on input line 4197.
Package hyperref Info: Hyper index ON on input line 4200.
Package hyperref Info: Plain pages OFF on input line 4207.
Package hyperref Info: Backreferencing ON on input line 4210.
Package hyperref Info: Implicit mode ON; LaTeX internals redefined.
Package hyperref Info: Bookmarks ON on input line 4445.

(/usr/share/texlive/texmf-dist/tex/latex/hyperref/backref.sty
Package: backref 2021/02/04 v1.41 Bibliographical back referencing

(/usr/share/texlive/texmf-dist/tex/latex/rerunfilecheck/rerunfilecheck.sty
Package: rerunfilecheck 2019/12/05 v1.9 Rerun checks for auxiliary files (HO)

(/usr/share/texlive/texmf-dist/tex/latex/base/atveryend-ltx.sty
Package: atveryend-ltx 2020/08/19 v1.0a Emulation of the original atveryend pac
kage
with kernel methods
)
(/usr/share/texlive/texmf-dist/tex/generic/uniquecounter/uniquecounter.sty
Package: uniquecounter 2019/12/15 v1.4 Provide unlimited unique counter (HO)

(/usr/share/texlive/texmf-dist/tex/generic/bigintcalc/bigintcalc.sty
Package: bigintcalc 2019/12/15 v1.5 Expandable calculations on big integers (HO
)
))
Package uniquecounter Info: New unique counter `rerunfilecheck' on input line 2
86.
))
\c@Hy@tempcnt=\count324

(/usr/share/texlive/texmf-dist/tex/latex/url/url.sty
\Urlmuskip=\muskip16
Package: url 2013/09/16  ver 3.4  Verb mode for urls, etc.
)
LaTeX Info: Redefining \url on input line 4804.
\XeTeXLinkMargin=\dimen197

(/usr/share/texlive/texmf-dist/tex/generic/bitset/bitset.sty
Package: bitset 2019/12/09 v1.3 Handle bit-vector datatype (HO)
)
\Fld@menulength=\count325
\Field@Width=\dimen198
\Fld@charsize=\dimen199
Package hyperref Info: Hyper figures OFF on input line 6076.
Package hyperref Info: Link nesting OFF on input line 6081.
Package hyperref Info: Hyper index ON on input line 6084.
Package hyperref Info: backreferencing ON on input line 6089.
Package hyperref Info: Link coloring OFF on input line 6096.
Package hyperref Info: Link coloring with OCG OFF on input line 6101.
Package hyperref Info: PDF/A mode OFF on input line 6106.
LaTeX Info: Redefining \ref on input line 6146.
LaTeX Info: Redefining \pageref on input line 6150.

(/usr/share/texlive/texmf-dist/tex/latex/base/atbegshi-ltx.sty
Package: atbegshi-ltx 2021/01/10 v1.0c Emulation of the original atbegshi
package with kernel methods
)
\Hy@abspage=\count326
\c@Item=\count327
\c@Hfootnote=\count328


LaTeX Warning: Command \LT@p@ftntext  has changed.
               Check if current package is valid.

)
Package hyperref Info: Driver: hpdftex.
 (/usr/share/texlive/texmf-dist/tex/latex/hyperref/hpdftex.def
File: hpdftex.def 2021-06-07 v7.00m Hyperref driver for pdfTeX
\Fld@listcount=\count329
\c@bookmark@seq@number=\count330
\Hy@SectionHShift=\skip124
)
Package hyperref Info: Option `colorlinks' set `true' on input line 133.
Package hyperref Info: Option `unicode' set `true' on input line 133.

(/usr/share/texlive/texmf-dist/tex/latex/caption/caption.sty
Package: caption 2020/10/26 v3.5g Customizing captions (AR)

(/usr/share/texlive/texmf-dist/tex/latex/caption/caption3.sty
Package: caption3 2020/10/21 v2.2e caption3 kernel (AR)
\captionmargin=\dimen256
\captionmargin@=\dimen257
\captionwidth=\dimen258
\caption@tempdima=\dimen259
\caption@indent=\dimen260
\caption@parindent=\dimen261
\caption@hangindent=\dimen262
Package caption Info: Standard document class detected.
)
\c@caption@flags=\count331
\c@continuedfloat=\count332
Package caption Info: float package is loaded.
Package caption Info: hyperref package is loaded.
Package caption Info: longtable package is loaded.

(/usr/share/texlive/texmf-dist/tex/latex/caption/ltcaption.sty
Package: ltcaption 2020/05/30 v1.4b longtable captions (AR)
))
(/usr/share/texlive/texmf-dist/tex/latex/etoc/etoc.sty
Package: etoc 2021/09/23 v1.09e Completely customisable TOCs (JFB)
\Etoc@toctoks=\toks35
\c@etoc@tocid=\count333
\c@etoc@tocdepth=\count334
\etoc@framed@titlebox=\box119
\etoc@framed@contentsbox=\box120
)
LaTeX Font Info:    Trying to load font information for T1+phv on input line 14
9.

(/usr/share/texlive/texmf-dist/tex/latex/psnfss/t1phv.fd
File: t1phv.fd 2020/03/25 scalable font definitions for T1/phv.
)
LaTeX Font Info:    Font shape `T1/phv/m/n' will be
(Font)              scaled to size 8.99994pt on input line 149.

(/usr/share/texlive/texmf-dist/tex/latex/l3backend/l3backend-pdftex.def
File: l3backend-pdftex.def 2022-01-12 L3 backend support: PDF output (pdfTeX)
\l__color_backend_stack_int=\count335
\l__pdf_internal_box=\box121
)
(./refman.aux)
\openout1 = `refman.aux'.

LaTeX Font Info:    Checking defaults for OML/cmm/m/it on input line 149.
LaTeX Font Info:    ... okay on input line 149.
LaTeX Font Info:    Checking defaults for OMS/cmsy/m/n on input line 149.
LaTeX Font Info:    ... okay on input line 149.
LaTeX Font Info:    Checking defaults for OT1/cmr/m/n on input line 149.
LaTeX Font Info:    ... okay on input line 149.
LaTeX Font Info:    Checking defaults for T1/cmr/m/n on input line 149.
LaTeX Font Info:    ... okay on input line 149.
LaTeX Font Info:    Checking defaults for TS1/cmr/m/n on input line 149.
LaTeX Font Info:    ... okay on input line 149.
LaTeX Font Info:    Checking defaults for OMX/cmex/m/n on input line 149.
LaTeX Font Info:    ... okay on input line 149.
LaTeX Font Info:    Checking defaults for U/cmr/m/n on input line 149.
LaTeX Font Info:    ... okay on input line 149.
LaTeX Font Info:    Checking defaults for PD1/pdf/m/n on input line 149.
LaTeX Font Info:    ... okay on input line 149.
LaTeX Font Info:    Checking defaults for PU/pdf/m/n on input line 149.
LaTeX Font Info:    ... okay on input line 149.

(/usr/share/texlive/texmf-dist/tex/context/base/mkii/supp-pdf.mkii
[Loading MPS to PDF converter (version 2006.09.02).]
\scratchcounter=\count336
\scratchdimen=\dimen263
\scratchbox=\box122
\nofMPsegments=\count337
\nofMParguments=\count338
\everyMPshowfont=\toks36
\MPscratchCnt=\count339
\MPscratchDim=\dimen264
\MPnumerator=\count340
\makeMPintoPDFobject=\count341
\everyMPtoPDFconversion=\toks37
) (/usr/share/texlive/texmf-dist/tex/latex/epstopdf-pkg/epstopdf-base.sty
Package: epstopdf-base 2020-01-24 v2.11 Base part for package epstopdf
Package epstopdf-base Info: Redefining graphics rule for `.eps' on input line 4
85.

(/usr/share/texlive/texmf-dist/tex/latex/latexconfig/epstopdf-sys.cfg
File: epstopdf-sys.cfg 2010/07/13 v1.3 Configuration of (r)epstopdf for TeX Liv
e
))
*geometry* driver: auto-detecting
*geometry* detected driver: pdftex
*geometry* verbose mode - [ preamble ] result:
* driver: pdftex
* paper: a4paper
* layout: <same size as paper>
* layoutoffset:(h,v)=(0.0pt,0.0pt)
* modes: twoside 
* h-part:(L,W,R)=(71.13188pt, 455.24411pt, 71.13188pt)
* v-part:(T,H,B)=(71.13188pt, 702.78308pt, 71.13188pt)
* \paperwidth=597.50787pt
* \paperheight=845.04684pt
* \textwidth=455.24411pt
* \textheight=702.78308pt
* \oddsidemargin=-1.1381pt
* \evensidemargin=-1.1381pt
* \topmargin=-38.1381pt
* \headheight=12.0pt
* \headsep=25.0pt
* \topskip=10.0pt
* \footskip=30.0pt
* \marginparwidth=121.0pt
* \marginparsep=11.0pt
* \columnsep=10.0pt
* \skip\footins=9.0pt plus 4.0pt minus 2.0pt
* \hoffset=0.0pt
* \voffset=0.0pt
* \mag=1000
* \@twocolumnfalse
* \@twosidetrue
* \@mparswitchtrue
* \@reversemarginfalse
* (1in=72.27pt=25.4mm, 1cm=28.453pt)

Package hyperref Info: Link coloring ON on input line 149.
(/usr/share/texlive/texmf-dist/tex/latex/hyperref/nameref.sty
Package: nameref 2021-04-02 v2.47 Cross-referencing by name of section

(/usr/share/texlive/texmf-dist/tex/latex/refcount/refcount.sty
Package: refcount 2019/12/15 v3.6 Data extraction from label references (HO)
)
(/usr/share/texlive/texmf-dist/tex/generic/gettitlestring/gettitlestring.sty
Package: gettitlestring 2019/12/15 v1.6 Cleanup title references (HO)
)
\c@section@level=\count342
)
LaTeX Info: Redefining \ref on input line 149.
LaTeX Info: Redefining \pageref on input line 149.
LaTeX Info: Redefining \nameref on input line 149.

(./refman.out) (./refman.out)
\@outlinefile=\write5
\openout5 = `refman.out'.

Package backref Info: ** backref set up for natbib ** on input line 149.
Package caption Info: Begin \AtBeginDocument code.
Package caption Info: End \AtBeginDocument code.
\Etoc@tf=\read4
Package hyperref Info: Option `pageanchor' set `false' on input line 157.
Package hyperref Info: Option `bookmarksnumbered' set `true' on input line 157.

Package hyperref Info: Option `unicode' set `true' on input line 157.
LaTeX Font Info:    Font shape `T1/phv/m/n' will be
(Font)              scaled to size 12.9599pt on input line 162.
LaTeX Font Info:    Font shape `T1/phv/m/n' will be
(Font)              scaled to size 6.29996pt on input line 162.
LaTeX Font Info:    Trying to load font information for U+msa on input line 162
.

(/usr/share/texlive/texmf-dist/tex/latex/amsfonts/umsa.fd
File: umsa.fd 2013/01/14 v3.01 AMS symbols A
)
LaTeX Font Info:    Trying to load font information for U+msb on input line 162
.

(/usr/share/texlive/texmf-dist/tex/latex/amsfonts/umsb.fd
File: umsb.fd 2013/01/14 v3.01 AMS symbols B
)
LaTeX Font Info:    Trying to load font information for U+wasy on input line 16
2.

(/usr/share/texlive/texmf-dist/tex/latex/wasysym/uwasy.fd
File: uwasy.fd 2020/01/19 v2.4 Wasy-2 symbol font definitions
)
LaTeX Font Info:    Font shape `T1/phv/m/n' will be
(Font)              scaled to size 10.79993pt on input line 163.
LaTeX Font Info:    Font shape `T1/phv/m/n' will be
(Font)              scaled to size 8.09995pt on input line 167.
 [1

{/var/lib/texmf/fonts/map/pdftex/updmap/pdftex.map}]
\tf@toc=\write6
\openout6 = `refman.toc'.

LaTeX Font Info:    Font shape `T1/phv/b/n' will be
(Font)              scaled to size 8.99994pt on input line 172.
LaTeX Font Info:    Font shape `T1/phv/b/n' will be
(Font)              scaled to size 6.29996pt on input line 172.
 [1]
Package hyperref Info: Option `pageanchor' set `true' on input line 174.
LaTeX Font Info:    Font shape `T1/phv/b/n' will be
(Font)              scaled to size 12.9599pt on input line 176.
 (./md_README.tex
LaTeX Font Info:    Font shape `T1/phv/b/n' will be
(Font)              scaled to size 10.79993pt on input line 1.
LaTeX Font Info:    Trying to load font information for T1+pcr on input line 2.


(/usr/share/texlive/texmf-dist/tex/latex/psnfss/t1pcr.fd
File: t1pcr.fd 2001/06/04 font definitions for T1/pcr.
) [1])
(./namespaces.tex) (./hierarchy.tex) (./annotated.tex [2]
LaTeX Font Info:    Trying to load font information for TS1+phv on input line 3
.

(/usr/share/texlive/texmf-dist/tex/latex/psnfss/ts1phv.fd
File: ts1phv.fd 2020/03/25 scalable font definitions for TS1/phv.
)
LaTeX Font Info:    Font shape `TS1/phv/b/n' will be
(Font)              scaled to size 8.99994pt on input line 3.
) (./files.tex)
(./namespacembus__gem__decoder.tex
LaTeX Font Info:    Font shape `TS1/phv/m/n' will be
(Font)              scaled to size 8.99994pt on input line 6.
)
(./namespacembus__gem__decoder_1_1conversion.tex [3])
(./namespacembus__gem__decoder_1_1conversion_1_1mbusmbus.tex
LaTeX Font Info:    Font shape `T1/phv/m/it' in size <9> not available
(Font)              Font shape `T1/phv/m/sl' tried instead on input line 7.
LaTeX Font Info:    Font shape `T1/phv/m/sl' will be
(Font)              scaled to size 8.09995pt on input line 7.
LaTeX Font Info:    Font shape `T1/phv/m/it' in size <7> not available
(Font)              Font shape `T1/phv/m/sl' tried instead on input line 7.
LaTeX Font Info:    Font shape `T1/phv/m/sl' will be
(Font)              scaled to size 6.29996pt on input line 7.
)
(./namespacembus__gem__decoder_1_1conversion_1_1mbusmeter.tex)
(./namespacembus__gem__decoder_1_1conversion_1_1mbusmeterentry.tex)
(./namespacembus__gem__decoder_1_1conversion_1_1utils.tex)
(./namespacembus__gem__decoder_1_1conversion_1_1utils_1_1helpers.tex
LaTeX Font Info:    Font shape `TS1/phv/m/it' in size <9> not available
(Font)              Font shape `TS1/phv/m/sl' tried instead on input line 7.
LaTeX Font Info:    Font shape `TS1/phv/m/sl' will be
(Font)              scaled to size 8.09995pt on input line 7.
 [4]
[5]
LaTeX Font Info:    Font shape `T1/phv/m/n' will be
(Font)              scaled to size 7.19995pt on input line 63.
LaTeX Font Info:    Font shape `T1/pcr/m/it' in size <8> not available
(Font)              Font shape `T1/pcr/m/sl' tried instead on input line 63.
LaTeX Font Info:    Font shape `T1/pcr/m/it' in size <7> not available
(Font)              Font shape `T1/pcr/m/sl' tried instead on input line 63.

Underfull \hbox (badness 10000) detected at line 74
[][][]
 []


Underfull \hbox (badness 10000) detected at line 107
[][][]
 []

[6]
Underfull \hbox (badness 10000) detected at line 145
[][][]
 []


Underfull \hbox (badness 10000) in paragraph at lines 168--169
 \T1/phv/b/n/10 6.7.1.4 get_sign_correction()[] \T1/pcr/m/n/8 int mbus[]_[]gem[
]_[]decoder.[]conversion.[]utils.[]helpers.[]get[]_[]sign[]_[]correction
 []


Underfull \hbox (badness 10000) detected at line 179
[][][]
 []

[7]
Underfull \hbox (badness 10000) detected at line 212
[][][]
 []


Underfull \hbox (badness 10000) detected at line 244
[][][]
 []


Underfull \hbox (badness 10000) detected at line 277
[][][]
 []

[8]
Underfull \hbox (badness 10000) detected at line 321
[][][]
 []


Underfull \hbox (badness 10000) detected at line 354
[][][]
 []


Underfull \hbox (badness 10000) in paragraph at lines 376--377
 \T1/phv/b/n/10 6.7.1.10 mbus_protocol_version()[] \T1/pcr/m/n/8 int mbus[]_[]g
em[]_[]decoder.[]conversion.[]utils.[]helpers.[]mbus[]_[]protocol[]_[]
 []

[9]
Underfull \hbox (badness 10000) detected at line 387
[][][]
 []


Underfull \hbox (badness 10000) detected at line 420
[][][]
 []

[10]
Underfull \hbox (badness 10000) detected at line 453
[][][]
 []


Underfull \hbox (badness 10000) detected at line 486
[][][]
 []


Underfull \hbox (badness 10000) detected at line 519
[][][]
 []

[11]
Underfull \hbox (badness 10000) detected at line 552
[][][]
 []


Underfull \hbox (badness 10000) detected at line 585
[][][]
 []


Underfull \hbox (badness 10000) in paragraph at lines 607--608
 \T1/phv/b/n/10 6.7.1.17 me-ter_manufacturer()[] \T1/pcr/m/n/8 str mbus[]_[]gem
[]_[]decoder.[]conversion.[]utils.[]helpers.[]meter[]_[]manufacturer
 []

[12]
Underfull \hbox (badness 10000) detected at line 618
[][][]
 []


Underfull \hbox (badness 10000) detected at line 655
[][][]
 []


Underfull \hbox (badness 10000) detected at line 688
[][][]
 []

[13]
Underfull \hbox (badness 10000) detected at line 728
[][][]
 []


Underfull \hbox (badness 10000) detected at line 761
[][][]
 []

[14]
Underfull \hbox (badness 10000) detected at line 794
[][][]
 []


Underfull \hbox (badness 10000) detected at line 830
[][][]
 []


Underfull \hbox (badness 10000) in paragraph at lines 855--856
 \T1/phv/b/n/10 6.7.1.24 two_words_to_ieee()[] \T1/pcr/m/n/8 float mbus[]_[]gem
[]_[]decoder.[]conversion.[]utils.[]helpers.[]two[]_[]words[]_[]to[]_[]ieee
 []

[15]
Underfull \hbox (badness 10000) detected at line 868
[][][]
 []


Underfull \hbox (badness 10000) detected at line 904
[][][]
 []

) (./namespacembus__gem__decoder_1_1conversion_1_1utils_1_1mbustypes.tex
[16]
Underfull \hbox (badness 10000) in paragraph at lines 46--47
 \T1/phv/b/n/10 6.8.1.2 MEDIUM_TYPES_ARRAY[] \T1/pcr/m/n/8 mbus[]_[]gem[]_[]dec
oder.[]conversion.[]utils.[]mbustypes.[]MEDIUM[]_[][]TYPES[]_[][]ARRAY
 []


Underfull \hbox (badness 10000) in paragraph at lines 56--57
 \T1/phv/b/n/10 6.8.1.3 ME-TER_TYPES_ARRAY[] \T1/pcr/m/n/8 mbus[]_[]gem[]_[]dec
oder.[]conversion.[]utils.[]mbustypes.[]METER[]_[][]TYPES[]_[][]ARRAY =
 []


Underfull \hbox (badness 10000) in paragraph at lines 66--67
 \T1/phv/b/n/10 6.8.1.4 READ-ABIL-ITY_TYPES_ARRAY[] \T1/pcr/m/n/8 mbus[]_[]gem[
]_[]decoder.[]conversion.[]utils.[]mbustypes.[]READABILITY[]_[][]
 []


Underfull \hbox (badness 10000) in paragraph at lines 76--77
 \T1/phv/b/n/10 6.8.1.5 REG-IS-TER_TYPES_ARRAY[] \T1/pcr/m/n/8 mbus[]_[]gem[]_[
]decoder.[]conversion.[]utils.[]mbustypes.[]REGISTER[]_[][]TYPES[]_[][]
 []


Underfull \hbox (badness 10000) in paragraph at lines 96--97
 \T1/phv/b/n/10 6.8.1.7 UNIT_TYPES_ARRAY[] \T1/pcr/m/n/8 mbus[]_[]gem[]_[]decod
er.[]conversion.[]utils.[]mbustypes.[]UNIT[]_[][]TYPES[]_[][]ARRAY =
 []

) (./namespacembus__gem__decoder_1_1mbusdecode.tex)
(./classmbus__gem__decoder_1_1mbusdecode_1_1MBusDecode.tex [17] [18]
Overfull \vbox (9.15596pt too high) has occurred while \output is active []


[19]
Underfull \hbox (badness 10000) detected at line 134
[][][]
 []

) (./classmbus__gem__decoder_1_1conversion_1_1mbusmbus_1_1MBusMBus.tex [20]
[21]
Underfull \hbox (badness 10000) in paragraph at lines 115--116
 \T1/phv/b/n/10 7.2.3.2 con-vert_data_in_regs_mbusgem()[] \T1/pcr/m/n/8 object 
mbus[]_[]gem[]_[]decoder.[]conversion.[]mbusmbus.[]MBus[]MBus.[]
 []


Underfull \hbox (badness 10000) detected at line 121
[][][]
 []

[22]
Underfull \hbox (badness 10000) detected at line 175
[][][]
 []

[23]) (./classmbus__gem__decoder_1_1conversion_1_1mbusmeter_1_1MBusMeter.tex
[24] [25]
Underfull \hbox (badness 10000) in paragraph at lines 121--122
 \T1/phv/b/n/10 7.3.3.2 con-vert_data_in_regsmeter()[] \T1/pcr/m/n/8 object mbu
s[]_[]gem[]_[]decoder.[]conversion.[]mbusmeter.[]MBus[]Meter.[]
 []


Underfull \hbox (badness 10000) detected at line 127
[][][]
 []

[26]
Underfull \hbox (badness 10000) detected at line 189
[][][]
 []

[27])
(./classmbus__gem__decoder_1_1conversion_1_1mbusmeterentry_1_1MBusMeterEntry.te
x [28] [29]
Underfull \hbox (badness 10000) in paragraph at lines 117--118
 \T1/phv/b/n/10 7.4.3.2 con-vert_data_in_regsmeter_entry()[] \T1/pcr/m/n/8 obje
ct mbus[]_[]gem[]_[]decoder.[]conversion.[]mbusmeterentry.[]
 []


Underfull \hbox (badness 10000) detected at line 125
[][][]
 []


Overfull \vbox (11.47853pt too high) has occurred while \output is active []


[30]
Underfull \hbox (badness 10000) in paragraph at lines 169--170
 \T1/phv/b/n/10 7.4.3.3 to_object()[] \T1/pcr/m/n/8 object mbus[]_[]gem[]_[]dec
oder.[]conversion.[]mbusmeterentry.[]MBus[]Meter[]Entry.[]to[]_[]object
 []


Underfull \hbox (badness 10000) detected at line 175
[][][]
 []

[31]
Underfull \hbox (badness 10000) in paragraph at lines 303--304
 \T1/phv/b/n/10 7.4.4.10 unix_timestamp[] \T1/pcr/m/n/8 mbus[]_[]gem[]_[]decode
r.[]conversion.[]mbusmeterentry.[]MBus[]Meter[]Entry.[]unix[]_[]
 []

)
(./classmbus__gem__decoder_1_1conversion_1_1utils_1_1mbustypes_1_1MeterFlag.tex
 <./classmbus__gem__decoder_1_1conversion_1_1utils_1_1mbustypes_1_1MeterFlag__i
nherit__graph.pdf

pdfTeX warning: pdflatex (file ./classmbus__gem__decoder_1_1conversion_1_1utils
_1_1mbustypes_1_1MeterFlag__inherit__graph.pdf): PDF inclusion: multiple pdfs w
ith page group included in a single page
>
<classmbus__gem__decoder_1_1conversion_1_1utils_1_1mbustypes_1_1MeterFlag__inhe
rit__graph.pdf, id=1197, 310.15875pt x 165.61874pt>
File: classmbus__gem__decoder_1_1conversion_1_1utils_1_1mbustypes_1_1MeterFlag_
_inherit__graph.pdf Graphic file (type pdf)
<use classmbus__gem__decoder_1_1conversion_1_1utils_1_1mbustypes_1_1MeterFlag__
inherit__graph.pdf>
Package pdftex.def Info: classmbus__gem__decoder_1_1conversion_1_1utils_1_1mbus
types_1_1MeterFlag__inherit__graph.pdf  used on input line 14.
(pdftex.def)             Requested size: 309.0pt x 164.99918pt.
 [32] <./classmbus__gem__decoder_1_1conversion_1_1utils_1_1mbustypes_1_1MeterFl
ag__coll__graph.pdf

pdfTeX warning: pdflatex (file ./classmbus__gem__decoder_1_1conversion_1_1utils
_1_1mbustypes_1_1MeterFlag__coll__graph.pdf): PDF inclusion: multiple pdfs with
 page group included in a single page
>
<classmbus__gem__decoder_1_1conversion_1_1utils_1_1mbustypes_1_1MeterFlag__coll
__graph.pdf, id=1225, 310.15875pt x 165.61874pt>
File: classmbus__gem__decoder_1_1conversion_1_1utils_1_1mbustypes_1_1MeterFlag_
_coll__graph.pdf Graphic file (type pdf)
<use classmbus__gem__decoder_1_1conversion_1_1utils_1_1mbustypes_1_1MeterFlag__
coll__graph.pdf>
Package pdftex.def Info: classmbus__gem__decoder_1_1conversion_1_1utils_1_1mbus
types_1_1MeterFlag__coll__graph.pdf  used on input line 23.
(pdftex.def)             Requested size: 309.0pt x 164.99918pt.

Overfull \vbox (38.30287pt too high) has occurred while \output is active []


[33]
Underfull \hbox (badness 10000) in paragraph at lines 68--69
 \T1/phv/b/n/10 7.5.2.1 READ_FAILURE[] \T1/pcr/m/n/8 int mbus[]_[]gem[]_[]decod
er.[]conversion.[]utils.[]mbustypes.[]Meter[]Flag.[]READ[]_[][]FAILURE
 []


Underfull \hbox (badness 10000) in paragraph at lines 78--79
 \T1/phv/b/n/10 7.5.2.2 READ_SUCCESS[] \T1/pcr/m/n/8 int mbus[]_[]gem[]_[]decod
er.[]conversion.[]utils.[]mbustypes.[]Meter[]Flag.[]READ[]_[][]SUCCESS
 []


Underfull \hbox (badness 10000) in paragraph at lines 88--89
 \T1/phv/b/n/10 7.5.2.3 VAL-UES_UPDATE_FAILURE[] \T1/pcr/m/n/8 int mbus[]_[]gem
[]_[]decoder.[]conversion.[]utils.[]mbustypes.[]Meter[]Flag.[]
 []


Underfull \hbox (badness 10000) in paragraph at lines 98--99
 \T1/phv/b/n/10 7.5.2.4 VAL-UES_UPDATED_SUCCESS[] \T1/pcr/m/n/8 int mbus[]_[]ge
m[]_[]decoder.[]conversion.[]utils.[]mbustypes.[]Meter[]
 []

)
(./classmbus__gem__decoder_1_1conversion_1_1utils_1_1mbustypes_1_1ReadabilityTy
pes.tex <./classmbus__gem__decoder_1_1conversion_1_1utils_1_1mbustypes_1_1Reada
bilityTypes__inherit__graph.pdf>
<classmbus__gem__decoder_1_1conversion_1_1utils_1_1mbustypes_1_1ReadabilityType
s__inherit__graph.pdf, id=1261, 310.15875pt x 165.61874pt>
File: classmbus__gem__decoder_1_1conversion_1_1utils_1_1mbustypes_1_1Readabilit
yTypes__inherit__graph.pdf Graphic file (type pdf)
<use classmbus__gem__decoder_1_1conversion_1_1utils_1_1mbustypes_1_1Readability
Types__inherit__graph.pdf>
Package pdftex.def Info: classmbus__gem__decoder_1_1conversion_1_1utils_1_1mbus
types_1_1ReadabilityTypes__inherit__graph.pdf  used on input line 9.
(pdftex.def)             Requested size: 309.0pt x 164.99918pt.
 <./classmbus__gem__decoder_1_1conversion_1_1utils_1_1mbustypes_1_1ReadabilityT
ypes__coll__graph.pdf

pdfTeX warning: pdflatex (file ./classmbus__gem__decoder_1_1conversion_1_1utils
_1_1mbustypes_1_1ReadabilityTypes__coll__graph.pdf): PDF inclusion: multiple pd
fs with page group included in a single page
>
<classmbus__gem__decoder_1_1conversion_1_1utils_1_1mbustypes_1_1ReadabilityType
s__coll__graph.pdf, id=1269, 310.15875pt x 165.61874pt>
File: classmbus__gem__decoder_1_1conversion_1_1utils_1_1mbustypes_1_1Readabilit
yTypes__coll__graph.pdf Graphic file (type pdf)
<use classmbus__gem__decoder_1_1conversion_1_1utils_1_1mbustypes_1_1Readability
Types__coll__graph.pdf>
Package pdftex.def Info: classmbus__gem__decoder_1_1conversion_1_1utils_1_1mbus
types_1_1ReadabilityTypes__coll__graph.pdf  used on input line 18.
(pdftex.def)             Requested size: 309.0pt x 164.99918pt.
 [34]
Underfull \hbox (badness 10000) in paragraph at lines 54--55
 \T1/phv/b/n/10 7.6.2.2 HU-MAN_READABLE[] \T1/pcr/m/n/8 int mbus[]_[]gem[]_[]de
coder.[]conversion.[]utils.[]mbustypes.[]Readability[]Types.[]
 []

[35]
Underfull \hbox (badness 10000) in paragraph at lines 64--65
 \T1/phv/b/n/10 7.6.2.3 SHORT[] \T1/pcr/m/n/8 int mbus[]_[]gem[]_[]decoder.[]co
nversion.[]utils.[]mbustypes.[]Readability[]Types.[]SHORT = 0
 []

)
(./classmbus__gem__decoder_1_1conversion_1_1utils_1_1mbustypes_1_1RegisterType.
tex <./classmbus__gem__decoder_1_1conversion_1_1utils_1_1mbustypes_1_1RegisterT
ype__inherit__graph.pdf>
<classmbus__gem__decoder_1_1conversion_1_1utils_1_1mbustypes_1_1RegisterType__i
nherit__graph.pdf, id=1316, 310.15875pt x 165.61874pt>
File: classmbus__gem__decoder_1_1conversion_1_1utils_1_1mbustypes_1_1RegisterTy
pe__inherit__graph.pdf Graphic file (type pdf)
<use classmbus__gem__decoder_1_1conversion_1_1utils_1_1mbustypes_1_1RegisterTyp
e__inherit__graph.pdf>
Package pdftex.def Info: classmbus__gem__decoder_1_1conversion_1_1utils_1_1mbus
types_1_1RegisterType__inherit__graph.pdf  used on input line 14.
(pdftex.def)             Requested size: 309.0pt x 164.99918pt.
 <./classmbus__gem__decoder_1_1conversion_1_1utils_1_1mbustypes_1_1RegisterType
__coll__graph.pdf

pdfTeX warning: pdflatex (file ./classmbus__gem__decoder_1_1conversion_1_1utils
_1_1mbustypes_1_1RegisterType__coll__graph.pdf): PDF inclusion: multiple pdfs w
ith page group included in a single page
>
<classmbus__gem__decoder_1_1conversion_1_1utils_1_1mbustypes_1_1RegisterType__c
oll__graph.pdf, id=1324, 310.15875pt x 165.61874pt>
File: classmbus__gem__decoder_1_1conversion_1_1utils_1_1mbustypes_1_1RegisterTy
pe__coll__graph.pdf Graphic file (type pdf)
<use classmbus__gem__decoder_1_1conversion_1_1utils_1_1mbustypes_1_1RegisterTyp
e__coll__graph.pdf>
Package pdftex.def Info: classmbus__gem__decoder_1_1conversion_1_1utils_1_1mbus
types_1_1RegisterType__coll__graph.pdf  used on input line 23.
(pdftex.def)             Requested size: 309.0pt x 164.99918pt.
 [36]
Underfull \hbox (badness 10000) in paragraph at lines 65--66
 \T1/phv/b/n/10 7.7.2.1 MBUS_GEM[] \T1/pcr/m/n/8 int mbus[]_[]gem[]_[]decoder.[
]conversion.[]utils.[]mbustypes.[]Register[]Type.[]MBUS[]_[][]GEM = 1
 []


Underfull \hbox (badness 10000) in paragraph at lines 85--86
 \T1/phv/b/n/10 7.7.2.3 ME-TER_ENTRY[] \T1/pcr/m/n/8 int mbus[]_[]gem[]_[]decod
er.[]conversion.[]utils.[]mbustypes.[]Register[]Type.[]METER[]_[][]
 []

) (./____init_____8py.tex) (./____init_____8py_source.tex [37])
(./conversion_2____init_____8py.tex) (./conversion_2____init_____8py_source.tex
) (./conversion_2utils_2____init_____8py.tex)
(./conversion_2utils_2____init_____8py_source.tex) (./mbusmbus_8py.tex)
(./mbusmbus_8py_source.tex [38] [39]) (./mbusmeter_8py.tex)
(./mbusmeter_8py_source.tex [40]) (./mbusmeterentry_8py.tex)
(./mbusmeterentry_8py_source.tex [41] [42]) (./helpers_8py.tex [43])
(./helpers_8py_source.tex [44] [45] [46] [47]) (./mbustypes_8py.tex [48]
Underfull \hbox (badness 6775) in paragraph at lines 30--32
[][] \T1/phv/m/n/10 = list(map(lambda item[]
 []


Underfull \hbox (badness 10000) in paragraph at lines 34--36
[][] \T1/phv/m/n/10 = list(map(lambda item[]
 []

) (./mbustypes_8py_source.tex [49] [50]) (./mbusdecode_8py.tex)
(./mbusdecode_8py_source.tex [51]) (./README_8md.tex) [52] (./refman.ind
LaTeX Font Info:    Font shape `T1/phv/bc/n' will be
(Font)              scaled to size 12.9599pt on input line 1.

Overfull \hbox (21.4204pt too wide) in paragraph at lines 4--6
[]| \T1/phv/m/n/10 mbus_gem_decoder.conversion.mbusmbus.MBusMBus,
 []


Overfull \hbox (22.284pt too wide) in paragraph at lines 6--8
[]| \T1/phv/m/n/10 mbus_gem_decoder.conversion.mbusmeter.MBusMeter,
 []


Overfull \hbox (63.38605pt too wide) in paragraph at lines 8--10
[]| \T1/phv/m/n/10 mbus_gem_decoder.conversion.mbusmeterentry.MBusMeterEntry,
 []


Underfull \hbox (badness 10000) in paragraph at lines 10--11
[]| \T1/phv/m/n/10 mbus_gem_decoder.mbusdecode.MBusDecode,
 []


Overfull \hbox (21.4204pt too wide) in paragraph at lines 12--14
[]| \T1/phv/m/n/10 mbus_gem_decoder.conversion.mbusmbus.MBusMBus,
 []


Overfull \hbox (22.284pt too wide) in paragraph at lines 14--16
[]| \T1/phv/m/n/10 mbus_gem_decoder.conversion.mbusmeter.MBusMeter,
 []


Overfull \hbox (63.38605pt too wide) in paragraph at lines 16--18
[]| \T1/phv/m/n/10 mbus_gem_decoder.conversion.mbusmeterentry.MBusMeterEntry,
 []


Underfull \hbox (badness 10000) in paragraph at lines 18--19
[]| \T1/phv/m/n/10 mbus_gem_decoder.mbusdecode.MBusDecode,
 []


Overfull \hbox (61.40657pt too wide) in paragraph at lines 23--25
[]| \T1/phv/m/n/10 mbus_gem_decoder.conversion.utils.mbustypes.ReadabilityTypes
,
 []


Underfull \hbox (badness 10000) in paragraph at lines 29--30
[]| \T1/phv/m/n/10 mbus_gem_decoder.mbusdecode.MBusDecode,
 []


Overfull \hbox (21.4204pt too wide) in paragraph at lines 31--33
[]| \T1/phv/m/n/10 mbus_gem_decoder.conversion.mbusmbus.MBusMBus,
 []


Overfull \hbox (22.284pt too wide) in paragraph at lines 34--36
[]| \T1/phv/m/n/10 mbus_gem_decoder.conversion.mbusmeter.MBusMeter,
 []


Overfull \hbox (63.38605pt too wide) in paragraph at lines 37--39
[]| \T1/phv/m/n/10 mbus_gem_decoder.conversion.mbusmeterentry.MBusMeterEntry,
 []


Overfull \hbox (22.284pt too wide) in paragraph at lines 43--45
[]| \T1/phv/m/n/10 mbus_gem_decoder.conversion.mbusmeter.MBusMeter,
 []


Overfull \hbox (22.284pt too wide) in paragraph at lines 46--48
[]| \T1/phv/m/n/10 mbus_gem_decoder.conversion.mbusmeter.MBusMeter,
 []


Overfull \hbox (63.38605pt too wide) in paragraph at lines 49--51
[]| \T1/phv/m/n/10 mbus_gem_decoder.conversion.mbusmeterentry.MBusMeterEntry,
 []


Overfull \hbox (21.4204pt too wide) in paragraph at lines 79--81
[]| \T1/phv/m/n/10 mbus_gem_decoder.conversion.mbusmbus.MBusMBus,
 []


Overfull \hbox (22.284pt too wide) in paragraph at lines 81--83
[]| \T1/phv/m/n/10 mbus_gem_decoder.conversion.mbusmeter.MBusMeter,
 []


Overfull \hbox (63.38605pt too wide) in paragraph at lines 83--85
[]| \T1/phv/m/n/10 mbus_gem_decoder.conversion.mbusmeterentry.MBusMeterEntry,
 []


Underfull \hbox (badness 10000) in paragraph at lines 85--86
[]| \T1/phv/m/n/10 mbus_gem_decoder.mbusdecode.MBusDecode,
 []


Overfull \hbox (21.4204pt too wide) in paragraph at lines 90--92
[]| \T1/phv/m/n/10 mbus_gem_decoder.conversion.mbusmbus.MBusMBus,
 []


Overfull \hbox (22.284pt too wide) in paragraph at lines 92--94
[]| \T1/phv/m/n/10 mbus_gem_decoder.conversion.mbusmeter.MBusMeter,
 []


Overfull \hbox (63.38605pt too wide) in paragraph at lines 94--96
[]| \T1/phv/m/n/10 mbus_gem_decoder.conversion.mbusmeterentry.MBusMeterEntry,
 []


Underfull \hbox (badness 10000) in paragraph at lines 96--97
[]| \T1/phv/m/n/10 mbus_gem_decoder.mbusdecode.MBusDecode,
 []


Overfull \hbox (61.40657pt too wide) in paragraph at lines 98--100
[]| \T1/phv/m/n/10 mbus_gem_decoder.conversion.utils.mbustypes.ReadabilityTypes
,
 []


Overfull \hbox (63.38605pt too wide) in paragraph at lines 107--109
[]| \T1/phv/m/n/10 mbus_gem_decoder.conversion.mbusmeterentry.MBusMeterEntry,
 []


Overfull \hbox (22.284pt too wide) in paragraph at lines 113--115
[]| \T1/phv/m/n/10 mbus_gem_decoder.conversion.mbusmeter.MBusMeter,
 []


Overfull \hbox (45.89981pt too wide) in paragraph at lines 116--118
[]| \T1/phv/m/n/10 mbus_gem_decoder.conversion.utils.mbustypes.RegisterType,
 []

[53


]
Overfull \hbox (43.38605pt too wide) in paragraph at lines 156--158
[]\T1/phv/m/n/10 mbus_gem_decoder.conversion.mbusmeterentry.MBusMeterEntry,
 []


Overfull \hbox (41.40657pt too wide) in paragraph at lines 213--215
[]\T1/phv/m/n/10 mbus_gem_decoder.conversion.utils.mbustypes.ReadabilityTypes,
 []


Overfull \hbox (25.89981pt too wide) in paragraph at lines 218--220
[]\T1/phv/m/n/10 mbus_gem_decoder.conversion.utils.mbustypes.RegisterType,
 []


Underfull \hbox (badness 10000) in paragraph at lines 236--238
[]\T1/phv/m/n/10 mbus_gem_decoder/conversion/mbusmeterentry.py,
 []

[54]
Overfull \hbox (22.284pt too wide) in paragraph at lines 255--257
[]| \T1/phv/m/n/10 mbus_gem_decoder.conversion.mbusmeter.MBusMeter,
 []


Underfull \hbox (badness 10000) in paragraph at lines 258--260
[]| \T1/phv/m/n/10 mbus_gem_decoder.conversion.utils.mbustypes,
 []


Underfull \hbox (badness 10000) in paragraph at lines 261--263
[]| \T1/phv/m/n/10 mbus_gem_decoder.conversion.utils.mbustypes,
 []


Overfull \hbox (45.89981pt too wide) in paragraph at lines 264--266
[]| \T1/phv/m/n/10 mbus_gem_decoder.conversion.utils.mbustypes.RegisterType,
 []


Overfull \hbox (45.89981pt too wide) in paragraph at lines 267--269
[]| \T1/phv/m/n/10 mbus_gem_decoder.conversion.utils.mbustypes.RegisterType,
 []


Underfull \hbox (badness 10000) in paragraph at lines 294--296
[]| \T1/phv/m/n/10 mbus_gem_decoder.conversion.utils.mbustypes,
 []


Overfull \hbox (21.4204pt too wide) in paragraph at lines 303--305
[]| \T1/phv/m/n/10 mbus_gem_decoder.conversion.mbusmbus.MBusMBus,
 []


Overfull \hbox (33.9749pt too wide) in paragraph at lines 309--311
[]| \T1/phv/m/n/10 mbus_gem_decoder.conversion.utils.mbustypes.MeterFlag,
 []


Overfull \hbox (33.9749pt too wide) in paragraph at lines 312--314
[]| \T1/phv/m/n/10 mbus_gem_decoder.conversion.utils.mbustypes.MeterFlag,
 []


Underfull \hbox (badness 10000) in paragraph at lines 315--317
[]| \T1/phv/m/n/10 mbus_gem_decoder.conversion.utils.mbustypes,
 []


Overfull \hbox (21.4204pt too wide) in paragraph at lines 319--321
[]| \T1/phv/m/n/10 mbus_gem_decoder.conversion.mbusmbus.MBusMBus,
 []


Overfull \hbox (22.284pt too wide) in paragraph at lines 321--323
[]| \T1/phv/m/n/10 mbus_gem_decoder.conversion.mbusmeter.MBusMeter,
 []


Overfull \hbox (63.38605pt too wide) in paragraph at lines 323--325
[]| \T1/phv/m/n/10 mbus_gem_decoder.conversion.mbusmeterentry.MBusMeterEntry,
 []


Overfull \hbox (21.4204pt too wide) in paragraph at lines 326--328
[]| \T1/phv/m/n/10 mbus_gem_decoder.conversion.mbusmbus.MBusMBus,
 []


Overfull \hbox (22.284pt too wide) in paragraph at lines 328--330
[]| \T1/phv/m/n/10 mbus_gem_decoder.conversion.mbusmeter.MBusMeter,
 []


Overfull \hbox (63.38605pt too wide) in paragraph at lines 330--332
[]| \T1/phv/m/n/10 mbus_gem_decoder.conversion.mbusmeterentry.MBusMeterEntry,
 []


Underfull \hbox (badness 10000) in paragraph at lines 338--340
[]| \T1/phv/m/n/10 mbus_gem_decoder.conversion.utils.mbustypes,
 []


Overfull \hbox (63.38605pt too wide) in paragraph at lines 344--346
[]| \T1/phv/m/n/10 mbus_gem_decoder.conversion.mbusmeterentry.MBusMeterEntry,
 []


Overfull \hbox (21.4204pt too wide) in paragraph at lines 347--349
[]| \T1/phv/m/n/10 mbus_gem_decoder.conversion.mbusmbus.MBusMBus,
 []


Overfull \hbox (22.284pt too wide) in paragraph at lines 349--351
[]| \T1/phv/m/n/10 mbus_gem_decoder.conversion.mbusmeter.MBusMeter,
 []


Overfull \hbox (61.40657pt too wide) in paragraph at lines 352--354
[]| \T1/phv/m/n/10 mbus_gem_decoder.conversion.utils.mbustypes.ReadabilityTypes
,
 []


Overfull \hbox (21.4204pt too wide) in paragraph at lines 358--360
[]| \T1/phv/m/n/10 mbus_gem_decoder.conversion.mbusmbus.MBusMBus,
 []


Overfull \hbox (22.284pt too wide) in paragraph at lines 360--362
[]| \T1/phv/m/n/10 mbus_gem_decoder.conversion.mbusmeter.MBusMeter,
 []


Overfull \hbox (63.38605pt too wide) in paragraph at lines 362--364
[]| \T1/phv/m/n/10 mbus_gem_decoder.conversion.mbusmeterentry.MBusMeterEntry,
 []


Underfull \hbox (badness 10000) in paragraph at lines 364--365
[]| \T1/phv/m/n/10 mbus_gem_decoder.mbusdecode.MBusDecode,
 []


Overfull \hbox (21.4204pt too wide) in paragraph at lines 366--368
[]| \T1/phv/m/n/10 mbus_gem_decoder.conversion.mbusmbus.MBusMBus,
 []


Overfull \hbox (22.284pt too wide) in paragraph at lines 368--370
[]| \T1/phv/m/n/10 mbus_gem_decoder.conversion.mbusmeter.MBusMeter,
 []


Overfull \hbox (63.38605pt too wide) in paragraph at lines 370--372
[]| \T1/phv/m/n/10 mbus_gem_decoder.conversion.mbusmeterentry.MBusMeterEntry,
 []


Underfull \hbox (badness 10000) in paragraph at lines 372--373
[]| \T1/phv/m/n/10 mbus_gem_decoder.mbusdecode.MBusDecode,
 []


Overfull \hbox (63.38605pt too wide) in paragraph at lines 383--385
[]| \T1/phv/m/n/10 mbus_gem_decoder.conversion.mbusmeterentry.MBusMeterEntry,
 []


Underfull \hbox (badness 10000) in paragraph at lines 386--388
[]| \T1/phv/m/n/10 mbus_gem_decoder.conversion.utils.mbustypes,
 []


Underfull \hbox (badness 10000) in paragraph at lines 389--391
[]| \T1/phv/m/n/10 mbus_gem_decoder.conversion.utils.mbustypes,
 []


Overfull \hbox (21.4204pt too wide) in paragraph at lines 392--394
[]| \T1/phv/m/n/10 mbus_gem_decoder.conversion.mbusmbus.MBusMBus,
 []

[55]
Overfull \hbox (22.284pt too wide) in paragraph at lines 394--396
[]| \T1/phv/m/n/10 mbus_gem_decoder.conversion.mbusmeter.MBusMeter,
 []


Overfull \hbox (63.38605pt too wide) in paragraph at lines 396--398
[]| \T1/phv/m/n/10 mbus_gem_decoder.conversion.mbusmeterentry.MBusMeterEntry,
 []


Overfull \hbox (33.9749pt too wide) in paragraph at lines 402--404
[]| \T1/phv/m/n/10 mbus_gem_decoder.conversion.utils.mbustypes.MeterFlag,
 []


Overfull \hbox (33.9749pt too wide) in paragraph at lines 405--407
[]| \T1/phv/m/n/10 mbus_gem_decoder.conversion.utils.mbustypes.MeterFlag,
 []


Overfull \hbox (21.4204pt too wide) in paragraph at lines 408--410
[]| \T1/phv/m/n/10 mbus_gem_decoder.conversion.mbusmbus.MBusMBus,
 []


Overfull \hbox (22.284pt too wide) in paragraph at lines 410--412
[]| \T1/phv/m/n/10 mbus_gem_decoder.conversion.mbusmeter.MBusMeter,
 []

[56

]) (./refman.aux)
Package rerunfilecheck Info: File `refman.out' has not changed.
(rerunfilecheck)             Checksum: C806434DEDD8137514DA49C961FF3060;18767.
 ) 
Here is how much of TeX's memory you used:
 19522 strings out of 478287
 347641 string characters out of 5849289
 666432 words of memory out of 5000000
 35955 multiletter control sequences out of 15000+600000
 515681 words of font info for 80 fonts, out of 8000000 for 9000
 1141 hyphenation exceptions out of 8191
 99i,16n,117p,936b,635s stack positions out of 5000i,500n,10000p,200000b,80000s
{/usr/share/texlive/texmf-dist/fonts/enc/dvips/base/8r.enc}</usr/share/texliv
e/texmf-dist/fonts/type1/public/amsfonts/cm/cmmi10.pfb></usr/share/texlive/texm
f-dist/fonts/type1/public/amsfonts/cm/cmmi7.pfb></usr/share/texlive/texmf-dist/
fonts/type1/public/amsfonts/cm/cmr10.pfb></usr/share/texlive/texmf-dist/fonts/t
ype1/public/amsfonts/cm/cmsy10.pfb></usr/share/texlive/texmf-dist/fonts/type1/p
ublic/amsfonts/cm/cmsy7.pfb></usr/share/texlive/texmf-dist/fonts/type1/urw/cour
ier/ucrr8a.pfb></usr/share/texlive/texmf-dist/fonts/type1/urw/courier/ucrro8a.p
fb></usr/share/texlive/texmf-dist/fonts/type1/urw/helvetic/uhvb8a.pfb></usr/sha
re/texlive/texmf-dist/fonts/type1/urw/helvetic/uhvb8ac.pfb></usr/share/texlive/
texmf-dist/fonts/type1/urw/helvetic/uhvr8a.pfb></usr/share/texlive/texmf-dist/f
onts/type1/urw/helvetic/uhvro8a.pfb>
Output written on refman.pdf (58 pages, 346489 bytes).
PDF statistics:
 3197 PDF objects out of 3580 (max. 8388607)
 3065 compressed objects within 31 object streams
 1357 named destinations out of 1440 (max. 500000)
 615 words of extra memory for PDF output out of 10000 (max. 10000000)

