\BOOKMARK [1][-]{section.1}{\376\377\0001\000\040\000m\000b\000u\000s\000g\000e\000m\000d\000e\000c\000o\000d\000e\000r\000\040\000p\000a\000c\000k\000a\000g\000e}{}% 1
\BOOKMARK [2][-]{subsection.1.1}{\376\377\0001\000.\0001\000\040\000I\000n\000t\000r\000o\000d\000u\000c\000t\000i\000o\000n}{section.1}% 2
\BOOKMARK [1][-]{section.2}{\376\377\0002\000\040\000N\000a\000m\000e\000s\000p\000a\000c\000e\000\040\000I\000n\000d\000e\000x}{}% 3
\BOOKMARK [2][-]{subsection.2.1}{\376\377\0002\000.\0001\000\040\000P\000a\000c\000k\000a\000g\000e\000\040\000L\000i\000s\000t}{section.2}% 4
\BOOKMARK [1][-]{section.3}{\376\377\0003\000\040\000H\000i\000e\000r\000a\000r\000c\000h\000i\000c\000a\000l\000\040\000I\000n\000d\000e\000x}{}% 5
\BOOKMARK [2][-]{subsection.3.1}{\376\377\0003\000.\0001\000\040\000C\000l\000a\000s\000s\000\040\000H\000i\000e\000r\000a\000r\000c\000h\000y}{section.3}% 6
\BOOKMARK [1][-]{section.4}{\376\377\0004\000\040\000C\000l\000a\000s\000s\000\040\000I\000n\000d\000e\000x}{}% 7
\BOOKMARK [2][-]{subsection.4.1}{\376\377\0004\000.\0001\000\040\000C\000l\000a\000s\000s\000\040\000L\000i\000s\000t}{section.4}% 8
\BOOKMARK [1][-]{section.5}{\376\377\0005\000\040\000F\000i\000l\000e\000\040\000I\000n\000d\000e\000x}{}% 9
\BOOKMARK [2][-]{subsection.5.1}{\376\377\0005\000.\0001\000\040\000F\000i\000l\000e\000\040\000L\000i\000s\000t}{section.5}% 10
\BOOKMARK [1][-]{section.6}{\376\377\0006\000\040\000N\000a\000m\000e\000s\000p\000a\000c\000e\000\040\000D\000o\000c\000u\000m\000e\000n\000t\000a\000t\000i\000o\000n}{}% 11
\BOOKMARK [2][-]{subsection.6.1}{\376\377\0006\000.\0001\000\040\000m\000b\000u\000s\000\137\000g\000e\000m\000\137\000d\000e\000c\000o\000d\000e\000r\000\040\000N\000a\000m\000e\000s\000p\000a\000c\000e\000\040\000R\000e\000f\000e\000r\000e\000n\000c\000e}{section.6}% 12
\BOOKMARK [2][-]{subsection.6.2}{\376\377\0006\000.\0002\000\040\000m\000b\000u\000s\000\137\000g\000e\000m\000\137\000d\000e\000c\000o\000d\000e\000r\000.\000c\000o\000n\000v\000e\000r\000s\000i\000o\000n\000\040\000N\000a\000m\000e\000s\000p\000a\000c\000e\000\040\000R\000e\000f\000e\000r\000e\000n\000c\000e}{section.6}% 13
\BOOKMARK [2][-]{subsection.6.3}{\376\377\0006\000.\0003\000\040\000m\000b\000u\000s\000\137\000g\000e\000m\000\137\000d\000e\000c\000o\000d\000e\000r\000.\000c\000o\000n\000v\000e\000r\000s\000i\000o\000n\000.\000m\000b\000u\000s\000m\000b\000u\000s\000\040\000N\000a\000m\000e\000s\000p\000a\000c\000e\000\040\000R\000e\000f\000e\000r\000e\000n\000c\000e}{section.6}% 14
\BOOKMARK [2][-]{subsection.6.4}{\376\377\0006\000.\0004\000\040\000m\000b\000u\000s\000\137\000g\000e\000m\000\137\000d\000e\000c\000o\000d\000e\000r\000.\000c\000o\000n\000v\000e\000r\000s\000i\000o\000n\000.\000m\000b\000u\000s\000m\000e\000t\000e\000r\000\040\000N\000a\000m\000e\000s\000p\000a\000c\000e\000\040\000R\000e\000f\000e\000r\000e\000n\000c\000e}{section.6}% 15
\BOOKMARK [2][-]{subsection.6.5}{\376\377\0006\000.\0005\000\040\000m\000b\000u\000s\000\137\000g\000e\000m\000\137\000d\000e\000c\000o\000d\000e\000r\000.\000c\000o\000n\000v\000e\000r\000s\000i\000o\000n\000.\000m\000b\000u\000s\000m\000e\000t\000e\000r\000e\000n\000t\000r\000y\000\040\000N\000a\000m\000e\000s\000p\000a\000c\000e\000\040\000R\000e\000f\000e\000r\000e\000n\000c\000e}{section.6}% 16
\BOOKMARK [2][-]{subsection.6.6}{\376\377\0006\000.\0006\000\040\000m\000b\000u\000s\000\137\000g\000e\000m\000\137\000d\000e\000c\000o\000d\000e\000r\000.\000c\000o\000n\000v\000e\000r\000s\000i\000o\000n\000.\000u\000t\000i\000l\000s\000\040\000N\000a\000m\000e\000s\000p\000a\000c\000e\000\040\000R\000e\000f\000e\000r\000e\000n\000c\000e}{section.6}% 17
\BOOKMARK [2][-]{subsection.6.7}{\376\377\0006\000.\0007\000\040\000m\000b\000u\000s\000\137\000g\000e\000m\000\137\000d\000e\000c\000o\000d\000e\000r\000.\000c\000o\000n\000v\000e\000r\000s\000i\000o\000n\000.\000u\000t\000i\000l\000s\000.\000h\000e\000l\000p\000e\000r\000s\000\040\000N\000a\000m\000e\000s\000p\000a\000c\000e\000\040\000R\000e\000f\000e\000r\000e\000n\000c\000e}{section.6}% 18
\BOOKMARK [3][-]{subsubsection.6.7.1}{\376\377\0006\000.\0007\000.\0001\000\040\000F\000u\000n\000c\000t\000i\000o\000n\000\040\000D\000o\000c\000u\000m\000e\000n\000t\000a\000t\000i\000o\000n}{subsection.6.7}% 19
\BOOKMARK [2][-]{subsection.6.8}{\376\377\0006\000.\0008\000\040\000m\000b\000u\000s\000\137\000g\000e\000m\000\137\000d\000e\000c\000o\000d\000e\000r\000.\000c\000o\000n\000v\000e\000r\000s\000i\000o\000n\000.\000u\000t\000i\000l\000s\000.\000m\000b\000u\000s\000t\000y\000p\000e\000s\000\040\000N\000a\000m\000e\000s\000p\000a\000c\000e\000\040\000R\000e\000f\000e\000r\000e\000n\000c\000e}{section.6}% 20
\BOOKMARK [3][-]{subsubsection.6.8.1}{\376\377\0006\000.\0008\000.\0001\000\040\000V\000a\000r\000i\000a\000b\000l\000e\000\040\000D\000o\000c\000u\000m\000e\000n\000t\000a\000t\000i\000o\000n}{subsection.6.8}% 21
\BOOKMARK [2][-]{subsection.6.9}{\376\377\0006\000.\0009\000\040\000m\000b\000u\000s\000\137\000g\000e\000m\000\137\000d\000e\000c\000o\000d\000e\000r\000.\000m\000b\000u\000s\000d\000e\000c\000o\000d\000e\000\040\000N\000a\000m\000e\000s\000p\000a\000c\000e\000\040\000R\000e\000f\000e\000r\000e\000n\000c\000e}{section.6}% 22
\BOOKMARK [1][-]{section.7}{\376\377\0007\000\040\000C\000l\000a\000s\000s\000\040\000D\000o\000c\000u\000m\000e\000n\000t\000a\000t\000i\000o\000n}{}% 23
\BOOKMARK [2][-]{subsection.7.1}{\376\377\0007\000.\0001\000\040\000m\000b\000u\000s\000\137\000g\000e\000m\000\137\000d\000e\000c\000o\000d\000e\000r\000.\000m\000b\000u\000s\000d\000e\000c\000o\000d\000e\000.\000M\000B\000u\000s\000D\000e\000c\000o\000d\000e\000\040\000C\000l\000a\000s\000s\000\040\000R\000e\000f\000e\000r\000e\000n\000c\000e}{section.7}% 24
\BOOKMARK [3][-]{subsubsection.7.1.1}{\376\377\0007\000.\0001\000.\0001\000\040\000D\000e\000t\000a\000i\000l\000e\000d\000\040\000D\000e\000s\000c\000r\000i\000p\000t\000i\000o\000n}{subsection.7.1}% 25
\BOOKMARK [3][-]{subsubsection.7.1.2}{\376\377\0007\000.\0001\000.\0002\000\040\000C\000o\000n\000s\000t\000r\000u\000c\000t\000o\000r\000\040\000\046\000\040\000D\000e\000s\000t\000r\000u\000c\000t\000o\000r\000\040\000D\000o\000c\000u\000m\000e\000n\000t\000a\000t\000i\000o\000n}{subsection.7.1}% 26
\BOOKMARK [3][-]{subsubsection.7.1.3}{\376\377\0007\000.\0001\000.\0003\000\040\000M\000e\000m\000b\000e\000r\000\040\000F\000u\000n\000c\000t\000i\000o\000n\000\040\000D\000o\000c\000u\000m\000e\000n\000t\000a\000t\000i\000o\000n}{subsection.7.1}% 27
\BOOKMARK [3][-]{subsubsection.7.1.4}{\376\377\0007\000.\0001\000.\0004\000\040\000M\000e\000m\000b\000e\000r\000\040\000D\000a\000t\000a\000\040\000D\000o\000c\000u\000m\000e\000n\000t\000a\000t\000i\000o\000n}{subsection.7.1}% 28
\BOOKMARK [2][-]{subsection.7.2}{\376\377\0007\000.\0002\000\040\000m\000b\000u\000s\000\137\000g\000e\000m\000\137\000d\000e\000c\000o\000d\000e\000r\000.\000c\000o\000n\000v\000e\000r\000s\000i\000o\000n\000.\000m\000b\000u\000s\000m\000b\000u\000s\000.\000M\000B\000u\000s\000M\000B\000u\000s\000\040\000C\000l\000a\000s\000s\000\040\000R\000e\000f\000e\000r\000e\000n\000c\000e}{section.7}% 29
\BOOKMARK [3][-]{subsubsection.7.2.1}{\376\377\0007\000.\0002\000.\0001\000\040\000D\000e\000t\000a\000i\000l\000e\000d\000\040\000D\000e\000s\000c\000r\000i\000p\000t\000i\000o\000n}{subsection.7.2}% 30
\BOOKMARK [3][-]{subsubsection.7.2.2}{\376\377\0007\000.\0002\000.\0002\000\040\000C\000o\000n\000s\000t\000r\000u\000c\000t\000o\000r\000\040\000\046\000\040\000D\000e\000s\000t\000r\000u\000c\000t\000o\000r\000\040\000D\000o\000c\000u\000m\000e\000n\000t\000a\000t\000i\000o\000n}{subsection.7.2}% 31
\BOOKMARK [3][-]{subsubsection.7.2.3}{\376\377\0007\000.\0002\000.\0003\000\040\000M\000e\000m\000b\000e\000r\000\040\000F\000u\000n\000c\000t\000i\000o\000n\000\040\000D\000o\000c\000u\000m\000e\000n\000t\000a\000t\000i\000o\000n}{subsection.7.2}% 32
\BOOKMARK [3][-]{subsubsection.7.2.4}{\376\377\0007\000.\0002\000.\0004\000\040\000M\000e\000m\000b\000e\000r\000\040\000D\000a\000t\000a\000\040\000D\000o\000c\000u\000m\000e\000n\000t\000a\000t\000i\000o\000n}{subsection.7.2}% 33
\BOOKMARK [2][-]{subsection.7.3}{\376\377\0007\000.\0003\000\040\000m\000b\000u\000s\000\137\000g\000e\000m\000\137\000d\000e\000c\000o\000d\000e\000r\000.\000c\000o\000n\000v\000e\000r\000s\000i\000o\000n\000.\000m\000b\000u\000s\000m\000e\000t\000e\000r\000.\000M\000B\000u\000s\000M\000e\000t\000e\000r\000\040\000C\000l\000a\000s\000s\000\040\000R\000e\000f\000e\000r\000e\000n\000c\000e}{section.7}% 34
\BOOKMARK [3][-]{subsubsection.7.3.1}{\376\377\0007\000.\0003\000.\0001\000\040\000D\000e\000t\000a\000i\000l\000e\000d\000\040\000D\000e\000s\000c\000r\000i\000p\000t\000i\000o\000n}{subsection.7.3}% 35
\BOOKMARK [3][-]{subsubsection.7.3.2}{\376\377\0007\000.\0003\000.\0002\000\040\000C\000o\000n\000s\000t\000r\000u\000c\000t\000o\000r\000\040\000\046\000\040\000D\000e\000s\000t\000r\000u\000c\000t\000o\000r\000\040\000D\000o\000c\000u\000m\000e\000n\000t\000a\000t\000i\000o\000n}{subsection.7.3}% 36
\BOOKMARK [3][-]{subsubsection.7.3.3}{\376\377\0007\000.\0003\000.\0003\000\040\000M\000e\000m\000b\000e\000r\000\040\000F\000u\000n\000c\000t\000i\000o\000n\000\040\000D\000o\000c\000u\000m\000e\000n\000t\000a\000t\000i\000o\000n}{subsection.7.3}% 37
\BOOKMARK [3][-]{subsubsection.7.3.4}{\376\377\0007\000.\0003\000.\0004\000\040\000M\000e\000m\000b\000e\000r\000\040\000D\000a\000t\000a\000\040\000D\000o\000c\000u\000m\000e\000n\000t\000a\000t\000i\000o\000n}{subsection.7.3}% 38
\BOOKMARK [2][-]{subsection.7.4}{\376\377\0007\000.\0004\000\040\000m\000b\000u\000s\000\137\000g\000e\000m\000\137\000d\000e\000c\000o\000d\000e\000r\000.\000c\000o\000n\000v\000e\000r\000s\000i\000o\000n\000.\000m\000b\000u\000s\000m\000e\000t\000e\000r\000e\000n\000t\000r\000y\000.\000M\000B\000u\000s\000M\000e\000t\000e\000r\000E\000n\000t\000r\000y\000\040\000C\000l\000a\000s\000s\000\040\000R\000e\000f\000e\000r\000e\000n\000c\000e}{section.7}% 39
\BOOKMARK [3][-]{subsubsection.7.4.1}{\376\377\0007\000.\0004\000.\0001\000\040\000D\000e\000t\000a\000i\000l\000e\000d\000\040\000D\000e\000s\000c\000r\000i\000p\000t\000i\000o\000n}{subsection.7.4}% 40
\BOOKMARK [3][-]{subsubsection.7.4.2}{\376\377\0007\000.\0004\000.\0002\000\040\000C\000o\000n\000s\000t\000r\000u\000c\000t\000o\000r\000\040\000\046\000\040\000D\000e\000s\000t\000r\000u\000c\000t\000o\000r\000\040\000D\000o\000c\000u\000m\000e\000n\000t\000a\000t\000i\000o\000n}{subsection.7.4}% 41
\BOOKMARK [3][-]{subsubsection.7.4.3}{\376\377\0007\000.\0004\000.\0003\000\040\000M\000e\000m\000b\000e\000r\000\040\000F\000u\000n\000c\000t\000i\000o\000n\000\040\000D\000o\000c\000u\000m\000e\000n\000t\000a\000t\000i\000o\000n}{subsection.7.4}% 42
\BOOKMARK [3][-]{subsubsection.7.4.4}{\376\377\0007\000.\0004\000.\0004\000\040\000M\000e\000m\000b\000e\000r\000\040\000D\000a\000t\000a\000\040\000D\000o\000c\000u\000m\000e\000n\000t\000a\000t\000i\000o\000n}{subsection.7.4}% 43
\BOOKMARK [2][-]{subsection.7.5}{\376\377\0007\000.\0005\000\040\000m\000b\000u\000s\000\137\000g\000e\000m\000\137\000d\000e\000c\000o\000d\000e\000r\000.\000c\000o\000n\000v\000e\000r\000s\000i\000o\000n\000.\000u\000t\000i\000l\000s\000.\000m\000b\000u\000s\000t\000y\000p\000e\000s\000.\000M\000e\000t\000e\000r\000F\000l\000a\000g\000\040\000C\000l\000a\000s\000s\000\040\000R\000e\000f\000e\000r\000e\000n\000c\000e}{section.7}% 44
\BOOKMARK [3][-]{subsubsection.7.5.1}{\376\377\0007\000.\0005\000.\0001\000\040\000D\000e\000t\000a\000i\000l\000e\000d\000\040\000D\000e\000s\000c\000r\000i\000p\000t\000i\000o\000n}{subsection.7.5}% 45
\BOOKMARK [3][-]{subsubsection.7.5.2}{\376\377\0007\000.\0005\000.\0002\000\040\000M\000e\000m\000b\000e\000r\000\040\000D\000a\000t\000a\000\040\000D\000o\000c\000u\000m\000e\000n\000t\000a\000t\000i\000o\000n}{subsection.7.5}% 46
\BOOKMARK [2][-]{subsection.7.6}{\376\377\0007\000.\0006\000\040\000m\000b\000u\000s\000\137\000g\000e\000m\000\137\000d\000e\000c\000o\000d\000e\000r\000.\000c\000o\000n\000v\000e\000r\000s\000i\000o\000n\000.\000u\000t\000i\000l\000s\000.\000m\000b\000u\000s\000t\000y\000p\000e\000s\000.\000R\000e\000a\000d\000a\000b\000i\000l\000i\000t\000y\000T\000y\000p\000e\000s\000\040\000C\000l\000a\000s\000s\000\040\000R\000e\000f\000e\000r\000e\000n\000c\000e}{section.7}% 47
\BOOKMARK [3][-]{subsubsection.7.6.1}{\376\377\0007\000.\0006\000.\0001\000\040\000D\000e\000t\000a\000i\000l\000e\000d\000\040\000D\000e\000s\000c\000r\000i\000p\000t\000i\000o\000n}{subsection.7.6}% 48
\BOOKMARK [3][-]{subsubsection.7.6.2}{\376\377\0007\000.\0006\000.\0002\000\040\000M\000e\000m\000b\000e\000r\000\040\000D\000a\000t\000a\000\040\000D\000o\000c\000u\000m\000e\000n\000t\000a\000t\000i\000o\000n}{subsection.7.6}% 49
\BOOKMARK [2][-]{subsection.7.7}{\376\377\0007\000.\0007\000\040\000m\000b\000u\000s\000\137\000g\000e\000m\000\137\000d\000e\000c\000o\000d\000e\000r\000.\000c\000o\000n\000v\000e\000r\000s\000i\000o\000n\000.\000u\000t\000i\000l\000s\000.\000m\000b\000u\000s\000t\000y\000p\000e\000s\000.\000R\000e\000g\000i\000s\000t\000e\000r\000T\000y\000p\000e\000\040\000C\000l\000a\000s\000s\000\040\000R\000e\000f\000e\000r\000e\000n\000c\000e}{section.7}% 50
\BOOKMARK [3][-]{subsubsection.7.7.1}{\376\377\0007\000.\0007\000.\0001\000\040\000D\000e\000t\000a\000i\000l\000e\000d\000\040\000D\000e\000s\000c\000r\000i\000p\000t\000i\000o\000n}{subsection.7.7}% 51
\BOOKMARK [3][-]{subsubsection.7.7.2}{\376\377\0007\000.\0007\000.\0002\000\040\000M\000e\000m\000b\000e\000r\000\040\000D\000a\000t\000a\000\040\000D\000o\000c\000u\000m\000e\000n\000t\000a\000t\000i\000o\000n}{subsection.7.7}% 52
\BOOKMARK [1][-]{section.8}{\376\377\0008\000\040\000F\000i\000l\000e\000\040\000D\000o\000c\000u\000m\000e\000n\000t\000a\000t\000i\000o\000n}{}% 53
\BOOKMARK [2][-]{subsection.8.1}{\376\377\0008\000.\0001\000\040\000m\000b\000u\000s\000\137\000g\000e\000m\000\137\000d\000e\000c\000o\000d\000e\000r\000/\000\137\000\137\000i\000n\000i\000t\000\137\000\137\000.\000p\000y\000\040\000F\000i\000l\000e\000\040\000R\000e\000f\000e\000r\000e\000n\000c\000e}{section.8}% 54
\BOOKMARK [2][-]{subsection.8.2}{\376\377\0008\000.\0002\000\040\000\137\000\137\000i\000n\000i\000t\000\137\000\137\000.\000p\000y}{section.8}% 55
\BOOKMARK [2][-]{subsection.8.3}{\376\377\0008\000.\0003\000\040\000m\000b\000u\000s\000\137\000g\000e\000m\000\137\000d\000e\000c\000o\000d\000e\000r\000/\000c\000o\000n\000v\000e\000r\000s\000i\000o\000n\000/\000\137\000\137\000i\000n\000i\000t\000\137\000\137\000.\000p\000y\000\040\000F\000i\000l\000e\000\040\000R\000e\000f\000e\000r\000e\000n\000c\000e}{section.8}% 56
\BOOKMARK [2][-]{subsection.8.4}{\376\377\0008\000.\0004\000\040\000\137\000\137\000i\000n\000i\000t\000\137\000\137\000.\000p\000y}{section.8}% 57
\BOOKMARK [2][-]{subsection.8.5}{\376\377\0008\000.\0005\000\040\000m\000b\000u\000s\000\137\000g\000e\000m\000\137\000d\000e\000c\000o\000d\000e\000r\000/\000c\000o\000n\000v\000e\000r\000s\000i\000o\000n\000/\000u\000t\000i\000l\000s\000/\000\137\000\137\000i\000n\000i\000t\000\137\000\137\000.\000p\000y\000\040\000F\000i\000l\000e\000\040\000R\000e\000f\000e\000r\000e\000n\000c\000e}{section.8}% 58
\BOOKMARK [2][-]{subsection.8.6}{\376\377\0008\000.\0006\000\040\000\137\000\137\000i\000n\000i\000t\000\137\000\137\000.\000p\000y}{section.8}% 59
\BOOKMARK [2][-]{subsection.8.7}{\376\377\0008\000.\0007\000\040\000m\000b\000u\000s\000\137\000g\000e\000m\000\137\000d\000e\000c\000o\000d\000e\000r\000/\000c\000o\000n\000v\000e\000r\000s\000i\000o\000n\000/\000m\000b\000u\000s\000m\000b\000u\000s\000.\000p\000y\000\040\000F\000i\000l\000e\000\040\000R\000e\000f\000e\000r\000e\000n\000c\000e}{section.8}% 60
\BOOKMARK [2][-]{subsection.8.8}{\376\377\0008\000.\0008\000\040\000m\000b\000u\000s\000m\000b\000u\000s\000.\000p\000y}{section.8}% 61
\BOOKMARK [2][-]{subsection.8.9}{\376\377\0008\000.\0009\000\040\000m\000b\000u\000s\000\137\000g\000e\000m\000\137\000d\000e\000c\000o\000d\000e\000r\000/\000c\000o\000n\000v\000e\000r\000s\000i\000o\000n\000/\000m\000b\000u\000s\000m\000e\000t\000e\000r\000.\000p\000y\000\040\000F\000i\000l\000e\000\040\000R\000e\000f\000e\000r\000e\000n\000c\000e}{section.8}% 62
\BOOKMARK [2][-]{subsection.8.10}{\376\377\0008\000.\0001\0000\000\040\000m\000b\000u\000s\000m\000e\000t\000e\000r\000.\000p\000y}{section.8}% 63
\BOOKMARK [2][-]{subsection.8.11}{\376\377\0008\000.\0001\0001\000\040\000m\000b\000u\000s\000\137\000g\000e\000m\000\137\000d\000e\000c\000o\000d\000e\000r\000/\000c\000o\000n\000v\000e\000r\000s\000i\000o\000n\000/\000m\000b\000u\000s\000m\000e\000t\000e\000r\000e\000n\000t\000r\000y\000.\000p\000y\000\040\000F\000i\000l\000e\000\040\000R\000e\000f\000e\000r\000e\000n\000c\000e}{section.8}% 64
\BOOKMARK [2][-]{subsection.8.12}{\376\377\0008\000.\0001\0002\000\040\000m\000b\000u\000s\000m\000e\000t\000e\000r\000e\000n\000t\000r\000y\000.\000p\000y}{section.8}% 65
\BOOKMARK [2][-]{subsection.8.13}{\376\377\0008\000.\0001\0003\000\040\000m\000b\000u\000s\000\137\000g\000e\000m\000\137\000d\000e\000c\000o\000d\000e\000r\000/\000c\000o\000n\000v\000e\000r\000s\000i\000o\000n\000/\000u\000t\000i\000l\000s\000/\000h\000e\000l\000p\000e\000r\000s\000.\000p\000y\000\040\000F\000i\000l\000e\000\040\000R\000e\000f\000e\000r\000e\000n\000c\000e}{section.8}% 66
\BOOKMARK [2][-]{subsection.8.14}{\376\377\0008\000.\0001\0004\000\040\000h\000e\000l\000p\000e\000r\000s\000.\000p\000y}{section.8}% 67
\BOOKMARK [2][-]{subsection.8.15}{\376\377\0008\000.\0001\0005\000\040\000m\000b\000u\000s\000\137\000g\000e\000m\000\137\000d\000e\000c\000o\000d\000e\000r\000/\000c\000o\000n\000v\000e\000r\000s\000i\000o\000n\000/\000u\000t\000i\000l\000s\000/\000m\000b\000u\000s\000t\000y\000p\000e\000s\000.\000p\000y\000\040\000F\000i\000l\000e\000\040\000R\000e\000f\000e\000r\000e\000n\000c\000e}{section.8}% 68
\BOOKMARK [2][-]{subsection.8.16}{\376\377\0008\000.\0001\0006\000\040\000m\000b\000u\000s\000t\000y\000p\000e\000s\000.\000p\000y}{section.8}% 69
\BOOKMARK [2][-]{subsection.8.17}{\376\377\0008\000.\0001\0007\000\040\000m\000b\000u\000s\000\137\000g\000e\000m\000\137\000d\000e\000c\000o\000d\000e\000r\000/\000m\000b\000u\000s\000d\000e\000c\000o\000d\000e\000.\000p\000y\000\040\000F\000i\000l\000e\000\040\000R\000e\000f\000e\000r\000e\000n\000c\000e}{section.8}% 70
\BOOKMARK [2][-]{subsection.8.18}{\376\377\0008\000.\0001\0008\000\040\000m\000b\000u\000s\000d\000e\000c\000o\000d\000e\000.\000p\000y}{section.8}% 71
\BOOKMARK [2][-]{subsection.8.19}{\376\377\0008\000.\0001\0009\000\040\000R\000E\000A\000D\000M\000E\000.\000m\000d\000\040\000F\000i\000l\000e\000\040\000R\000e\000f\000e\000r\000e\000n\000c\000e}{section.8}% 72
\BOOKMARK [1][-]{section*.44}{\376\377\000I\000n\000d\000e\000x}{}% 73
